#!/usr/bin/env python3
"""
The `train_gpt.py` and `train_gpt_mlx.py` scripts are intended as good launching-off points for new participants, not SOTA configs. We'll accept PRs that tune, improve, or simplify these scripts without significantly increasing complexity, but competitive submissions should stay in the `/records` folder.

Hard stop: `train_gpt.py` and `train_gpt_mlx.py` must never be longer than 1500 lines.
"""
from __future__ import annotations

import glob
import json
import math
import os
import pickle
import sys
import time
import uuid
import zlib
from collections.abc import Callable
from pathlib import Path

import numpy as np
import sentencepiece as spm

import mlx.core as mx
import mlx.nn as nn
import mlx.optimizers as optim
from mlx.utils import tree_flatten, tree_unflatten

# ==============================================================================
# SHARD FORMAT + COMPUTE DTYPE
# ==============================================================================

COMPUTE_DTYPE = mx.bfloat16

# ==============================================================================
# HYPERPARAMETERS
# ==============================================================================
# Default Simple Baseline run:
# - 9 transformer blocks at width 512
# - 8 attention heads with 4 KV heads (GQA) and 2x MLP expansion
# - vocab size 1024, sequence length 1024, tied embeddings
# - 524,288 train tokens per step for 20,000 iterations with a ~10 minute cap
class Hyperparameters:
    # Data / tokenizer.
    data_path: str = os.environ.get("DATA_PATH", "./data/datasets/fineweb10B_sp1024")
    tokenizer_path: str = os.environ.get("TOKENIZER_PATH", "./data/tokenizers/fineweb_1024_bpe.model")
    run_id: str = os.environ.get("RUN_ID", str(uuid.uuid4()))
    seed: int = int(os.environ.get("SEED", 1337))

    # Training loop. These defaults now mirror train_gpt.py on a single process.
    iterations: int = int(os.environ.get("ITERATIONS", 20_000))
    val_loss_every: int = int(os.environ.get("VAL_LOSS_EVERY", 0))
    # Validation always uses the full fineweb_val split.
    val_batch_size: int = int(os.environ.get("VAL_BATCH_SIZE", 524_288))
    train_log_every: int = int(os.environ.get("TRAIN_LOG_EVERY", 200))
    train_batch_tokens: int = int(os.environ.get("TRAIN_BATCH_TOKENS", 524_288))
    grad_accum_steps: int = int(os.environ.get("GRAD_ACCUM_STEPS", 8))
    train_seq_len: int = int(os.environ.get("TRAIN_SEQ_LEN", os.environ.get("TRAIN_MAX_SEQ_LEN", 1024)))
    # Chunk each logical MLX microbatch into smaller sub-batches to reduce peak
    # memory pressure without changing the effective optimizer batch.
    mlx_max_microbatch_tokens: int = int(os.environ.get("MLX_MAX_MICROBATCH_TOKENS", 8_192))
    warmup_steps: int = int(os.environ.get("WARMUP_STEPS", 20))
    warmdown_iters: int = int(os.environ.get("WARMDOWN_ITERS", 1200))
    max_wallclock_seconds: float = float(os.environ.get("MAX_WALLCLOCK_SECONDS", 600.0))

    # Model (defaults match the current baseline setup).
    vocab_size: int = int(os.environ.get("VOCAB_SIZE", 1024))
    num_layers: int = int(os.environ.get("NUM_LAYERS", 9))
    model_dim: int = int(os.environ.get("MODEL_DIM", 512))
    num_heads: int = int(os.environ.get("NUM_HEADS", 8))
    num_kv_heads: int = int(os.environ.get("NUM_KV_HEADS", 4))
    mlp_mult: int = int(os.environ.get("MLP_MULT", 2))
    tie_embeddings: bool = bool(int(os.environ.get("TIE_EMBEDDINGS", "1")))
    tied_embed_init_std: float = float(os.environ.get("TIED_EMBED_INIT_STD", 0.005))
    logit_chunk_tokens: int = int(os.environ.get("LOGIT_CHUNK_TOKENS", 0))
    logit_softcap: float = float(os.environ.get("LOGIT_SOFTCAP", 30.0))
    rope_base: float = float(os.environ.get("ROPE_BASE", 10000.0))
    qk_gain_init: float = float(os.environ.get("QK_GAIN_INIT", 1.5))
    num_physical_layers: int = int(os.environ.get("NUM_PHYSICAL_LAYERS", 0))  # 0 = same as num_layers (no looping)
    mlp_type: str = os.environ.get("MLP_TYPE", "standard")  # "standard" or "hourglass"

    # Optimizer. We keep the same per-group defaults as train_gpt.py.
    beta1: float = float(os.environ.get("BETA1", 0.9))
    beta2: float = float(os.environ.get("BETA2", 0.95))
    adam_eps: float = float(os.environ.get("ADAM_EPS", 1e-8))
    tied_embed_lr: float = float(os.environ.get("TIED_EMBED_LR", 0.05))
    matrix_lr: float = float(os.environ.get("MATRIX_LR", 0.04))
    scalar_lr: float = float(os.environ.get("SCALAR_LR", 0.04))
    muon_momentum: float = float(os.environ.get("MUON_MOMENTUM", 0.95))
    muon_backend_steps: int = int(os.environ.get("MUON_BACKEND_STEPS", 5))
    muon_momentum_warmup_start: float = float(os.environ.get("MUON_MOMENTUM_WARMUP_START", 0.85))
    muon_momentum_warmup_steps: int = int(os.environ.get("MUON_MOMENTUM_WARMUP_STEPS", 500))
    grad_clip_norm: float = float(os.environ.get("GRAD_CLIP_NORM", 0.0))

    out_dir: str = os.environ.get("OUT_DIR", "logs")

    @property
    def train_files(self) -> str:
        return f"{self.data_path}/fineweb_train_*.bin"

    @property
    def val_files(self) -> str:
        return f"{self.data_path}/fineweb_val_*.bin"

    @property
    def microbatch_tokens(self) -> int:
        return self.train_batch_tokens // self.grad_accum_steps

    def lr_mul(self, step: int, elapsed_ms: float) -> float:
        if self.warmdown_iters <= 0:
            return 1.0
        if self.max_wallclock_seconds <= 0:
            warmdown_start = max(self.iterations - self.warmdown_iters, 0)
            return max((self.iterations - step) / max(self.warmdown_iters, 1), 0.0) if warmdown_start <= step < self.iterations else 1.0
        step_ms = elapsed_ms / max(step, 1)
        warmdown_ms = self.warmdown_iters * step_ms
        remaining_ms = max(1000.0 * self.max_wallclock_seconds - elapsed_ms, 0.0)
        return remaining_ms / max(warmdown_ms, 1e-9) if remaining_ms <= warmdown_ms else 1.0


CONTROL_TENSOR_NAME_PATTERNS = tuple(
    pattern
    for pattern in os.environ.get(
        "CONTROL_TENSOR_NAME_PATTERNS",
        "attn_scale,attn_scales,mlp_scale,mlp_scales,resid_mix,resid_mixes,q_gain,skip_weight,skip_weights,loop_scales",
    ).split(",")
    if pattern
)
INT8_KEEP_FLOAT_FP32_NAME_PATTERNS = tuple(
    pattern
    for pattern in os.environ.get(
        "INT8_KEEP_FLOAT_FP32_NAME_PATTERNS",
        ",".join(CONTROL_TENSOR_NAME_PATTERNS),
    ).split(",")
    if pattern
)


def token_chunks(total_tokens: int, seq_len: int, max_chunk_tokens: int) -> list[int]:
    usable_total = (total_tokens // seq_len) * seq_len
    if usable_total <= 0:
        raise ValueError(f"token budget too small for seq_len={seq_len}")
    usable_chunk = max((max_chunk_tokens // seq_len) * seq_len, seq_len)
    chunks: list[int] = []
    remaining = usable_total
    while remaining > 0:
        chunk = min(remaining, usable_chunk)
        chunks.append(chunk)
        remaining -= chunk
    return chunks


def accumulate_flat_grads(
    accum: dict[str, mx.array] | None,
    grads_tree: dict,
    scale: float,
) -> dict[str, mx.array]:
    flat = dict(tree_flatten(grads_tree))
    if accum is None:
        return {k: g * scale for k, g in flat.items()}
    for k, g in flat.items():
        accum[k] = accum[k] + g * scale
    return accum


# ==============================================================================
# MATH HELPERS
# ==============================================================================

def rms_norm(x: mx.array, eps: float = 1e-6) -> mx.array:
    return (x * mx.rsqrt(mx.mean(x * x, axis=-1, keepdims=True) + eps)).astype(x.dtype)


def zeropower_newtonschulz5(g: mx.array, steps: int, eps: float = 1e-7) -> mx.array:
    # Orthogonalize a 2D update matrix with a fast Newton-Schulz iteration.
    # Muon uses this to normalize matrix-shaped gradients before applying them.
    # Background on Muon: https://kellerjordan.github.io/posts/muon/
    a, b, c = 3.4445, -4.7750, 2.0315
    x = g.astype(mx.float32)
    x = x / (mx.sqrt(mx.sum(x * x)) + eps)
    transposed = x.shape[0] > x.shape[1]
    if transposed:
        x = x.T
    for _ in range(steps):
        a_mat = x @ x.T
        b_mat = b * a_mat + c * (a_mat @ a_mat)
        x = a * x + b_mat @ x
    if transposed:
        x = x.T
    return x.astype(g.dtype)


def load_data_shard(path: Path) -> np.ndarray:
    header_bytes = 256 * np.dtype("<i4").itemsize
    token_bytes = np.dtype("<u2").itemsize
    header = np.fromfile(path, dtype="<i4", count=256)
    if header.size != 256 or int(header[0]) != 20240520 or int(header[1]) != 1:
        raise ValueError(f"Unexpected shard header for {path}")
    num_tokens = int(header[2])
    if path.stat().st_size != header_bytes + num_tokens * token_bytes:
        raise ValueError(f"Shard size mismatch for {path}")
    tokens = np.fromfile(path, dtype="<u2", count=num_tokens, offset=header_bytes)
    if tokens.size != num_tokens:
        raise ValueError(f"Short read for {path}")
    return tokens.astype(np.int32, copy=False)


# ==============================================================================
# TOKEN STREAMING / BATCHING
# ==============================================================================


class TokenStream:
    def __init__(
        self,
        pattern: str,
        log_fn: Callable[[str], None] | None = None,
        dataset_name: str = "",
    ):
        self.files = [Path(p) for p in sorted(glob.glob(pattern))]
        if not self.files:
            raise FileNotFoundError(f"No files found for pattern: {pattern}")
        self.epoch = 1
        self.file_idx = 0
        self.log_fn = log_fn
        self.dataset_name = dataset_name
        self.tokens = load_data_shard(self.files[0])
        self.pos = 0

    def next_file(self) -> None:
        self.file_idx = (self.file_idx + 1) % len(self.files)
        if self.file_idx == 0:
            self.epoch += 1
            if self.log_fn is not None:
                self.log_fn(
                    f"WARNING: starting epoch:{self.epoch} "
                    f"dataset:{self.dataset_name} train_shards:{len(self.files)}"
                )
        self.tokens = load_data_shard(self.files[self.file_idx])
        self.pos = 0

    def take(self, n: int) -> np.ndarray:
        chunks: list[np.ndarray] = []
        left = n
        while left > 0:
            if self.pos >= self.tokens.size:
                self.next_file()
            k = min(left, int(self.tokens.size - self.pos))
            chunks.append(self.tokens[self.pos : self.pos + k])
            self.pos += k
            left -= k
        return chunks[0] if len(chunks) == 1 else np.concatenate(chunks, axis=0)


class TokenLoader:
    def __init__(
        self,
        pattern: str,
        log_fn: Callable[[str], None] | None = None,
        dataset_name: str = "",
    ):
        self.stream = TokenStream(pattern, log_fn=log_fn, dataset_name=dataset_name)

    def next_batch(self, batch_tokens: int, seq_len: int) -> tuple[mx.array, mx.array]:
        usable = (batch_tokens // seq_len) * seq_len
        if usable <= 0:
            raise ValueError(f"token budget too small for seq_len={seq_len}")
        chunk = self.stream.take(usable + 1)
        x = chunk[:-1].reshape(-1, seq_len)
        y = chunk[1:].reshape(-1, seq_len)
        return mx.array(x, dtype=mx.int32), mx.array(y, dtype=mx.int32)


# ==============================================================================
# MODEL BLOCKS
# ==============================================================================

class CastedLinear(nn.Module):
    def __init__(self, in_dim: int, out_dim: int):
        super().__init__()
        self.weight = nn.Linear(in_dim, out_dim, bias=False).weight.astype(mx.float32)

    def __call__(self, x: mx.array) -> mx.array:
        return x @ self.weight.astype(x.dtype).T


class RMSNormNoWeight(nn.Module):
    # MLX module wrapper around the functional RMSNorm helper so it composes nicely in blocks.
    def __call__(self, x: mx.array) -> mx.array:
        return rms_norm(x)


class CausalSelfAttention(nn.Module):
    # - separate q/k/v projections
    # - RMSNorm on q and k before attention
    # - RoPE on q and k
    # - causal masked SDPA
    def __init__(
        self,
        dim: int,
        num_heads: int,
        num_kv_heads: int,
        rope_base: float,
        qk_gain_init: float,
    ):
        super().__init__()
        if dim % num_heads != 0:
            raise ValueError("model_dim must be divisible by num_heads")
        if num_heads % num_kv_heads != 0:
            raise ValueError("num_heads must be divisible by num_kv_heads")
        self.num_heads = num_heads
        self.num_kv_heads = num_kv_heads
        self.head_dim = dim // num_heads
        if self.head_dim % 2 != 0:
            raise ValueError("head_dim must be even for RoPE")
        kv_dim = self.num_kv_heads * self.head_dim
        self.c_q = CastedLinear(dim, dim)
        self.c_k = CastedLinear(dim, kv_dim)
        self.c_v = CastedLinear(dim, kv_dim)
        self.proj = CastedLinear(dim, dim)
        self.q_gain = mx.ones((num_heads,), dtype=mx.float32) * qk_gain_init
        self.rope = nn.RoPE(self.head_dim, traditional=False, base=rope_base)
        self.scale = self.head_dim ** -0.5

    def __call__(self, x: mx.array) -> mx.array:
        bsz, seqlen, dim = x.shape
        q = self.c_q(x).reshape(bsz, seqlen, self.num_heads, self.head_dim).transpose(0, 2, 1, 3)
        k = self.c_k(x).reshape(bsz, seqlen, self.num_kv_heads, self.head_dim).transpose(0, 2, 1, 3)
        v = self.c_v(x).reshape(bsz, seqlen, self.num_kv_heads, self.head_dim).transpose(0, 2, 1, 3)

        q = self.rope(rms_norm(q).astype(COMPUTE_DTYPE))
        k = self.rope(rms_norm(k).astype(COMPUTE_DTYPE))
        q = q * self.q_gain.astype(q.dtype)[None, :, None, None]
        y = mx.fast.scaled_dot_product_attention(q, k, v, scale=self.scale, mask="causal")
        y = y.transpose(0, 2, 1, 3).reshape(bsz, seqlen, dim)
        return self.proj(y)


class MLP(nn.Module):
    # Baseline MLP uses relu^2 instead of GELU/SiLU. It is cheap and works well in this setup.
    def __init__(self, dim: int, mlp_mult: int):
        super().__init__()
        hidden = dim * mlp_mult
        self.fc = CastedLinear(dim, hidden)
        self.proj = CastedLinear(hidden, dim)

    def __call__(self, x: mx.array) -> mx.array:
        x = nn.relu(self.fc(x))
        return self.proj(x * x)


class HourglassMLP(nn.Module):
    # Wide-narrow-wide MLP: K stacked sub-MLPs with residual connections.
    # Each sub-MLP: dim -> bottleneck -> dim with relu^2.
    # More expressive per-parameter than conventional narrow-wide-narrow MLP.
    # Reference: arxiv 2602.06471
    def __init__(self, dim: int, mlp_mult: int, num_sub_mlps: int = 2):
        super().__init__()
        bottleneck = max(int(dim * 0.4), 1)
        self.sub_fc = [CastedLinear(dim, bottleneck) for _ in range(num_sub_mlps)]
        self.sub_proj = [CastedLinear(bottleneck, dim) for _ in range(num_sub_mlps)]

    def __call__(self, x: mx.array) -> mx.array:
        for fc, proj in zip(self.sub_fc, self.sub_proj):
            h = nn.relu(fc(x))
            x = x + proj(h * h)
        return x


class Block(nn.Module):
    def __init__(
        self,
        dim: int,
        num_heads: int,
        num_kv_heads: int,
        mlp_mult: int,
        rope_base: float,
        qk_gain_init: float,
        mlp_type: str = "standard",
    ):
        super().__init__()
        self.attn_norm = RMSNormNoWeight()
        self.mlp_norm = RMSNormNoWeight()
        self.attn = CausalSelfAttention(dim, num_heads, num_kv_heads, rope_base, qk_gain_init)
        self.mlp = HourglassMLP(dim, mlp_mult) if mlp_type == "hourglass" else MLP(dim, mlp_mult)
        self.attn_scale = mx.ones((dim,), dtype=mx.float32)
        self.mlp_scale = mx.ones((dim,), dtype=mx.float32)
        self.resid_mix = mx.array(np.stack((np.ones((dim,), dtype=np.float32), np.zeros((dim,), dtype=np.float32))))

    def __call__(self, x: mx.array, x0: mx.array) -> mx.array:
        mix = self.resid_mix.astype(x.dtype)
        x = mix[0][None, None, :] * x + mix[1][None, None, :] * x0
        attn_out = self.attn(self.attn_norm(x))
        x = x + self.attn_scale.astype(x.dtype)[None, None, :] * attn_out
        x = x + self.mlp_scale.astype(x.dtype)[None, None, :] * self.mlp(self.mlp_norm(x))
        return x


class GPT(nn.Module):
    # - token embedding + RMSNorm
    # - encoder half accumulates skip tensors
    # - decoder half consumes reversed skips with learned skip_weights
    # - tied embeddings for the LM head (the baseline default setup)
    def __init__(self, vocab_size: int, num_layers: int, dim: int, num_heads: int, num_kv_heads: int, mlp_mult: int,
                 logit_chunk_tokens: int, logit_softcap: float, rope_base: float, tied_embed_init_std: float,
                 qk_gain_init: float, num_physical_layers: int = 0, mlp_type: str = "standard"):
        super().__init__()
        if logit_softcap <= 0.0:
            raise ValueError(f"logit_softcap must be positive, got {logit_softcap}")
        self.logit_chunk_tokens = logit_chunk_tokens
        self.logit_softcap = logit_softcap

        # Layer looping: num_physical_layers unique blocks, looped to reach num_layers effective depth
        self.num_physical_layers = num_physical_layers if num_physical_layers > 0 else num_layers
        assert num_layers % self.num_physical_layers == 0, \
            f"num_layers ({num_layers}) must be divisible by num_physical_layers ({self.num_physical_layers})"
        self.num_loop_passes = num_layers // self.num_physical_layers

        self.tok_emb = nn.Embedding(vocab_size, dim)
        self.num_encoder_layers = num_layers // 2
        self.num_decoder_layers = num_layers - self.num_encoder_layers
        self.num_skip_weights = min(self.num_encoder_layers, self.num_decoder_layers)
        self.skip_weights = mx.ones((self.num_skip_weights, dim), dtype=mx.float32)
        self.blocks = [
            Block(dim, num_heads, num_kv_heads, mlp_mult, rope_base, qk_gain_init, mlp_type)
            for _ in range(self.num_physical_layers)
        ]
        # Per-loop-pass learnable scale so the model can differentiate iterations
        if self.num_loop_passes > 1:
            self.loop_scales = mx.ones((self.num_loop_passes, dim), dtype=mx.float32)
        self.final_norm = RMSNormNoWeight()

        for b in self.blocks:
            b.attn.proj.weight = mx.zeros_like(b.attn.proj.weight)
            if hasattr(b.mlp, 'proj'):
                b.mlp.proj.weight = mx.zeros_like(b.mlp.proj.weight)
            elif hasattr(b.mlp, 'sub_proj'):
                for sp in b.mlp.sub_proj:
                    sp.weight = mx.zeros_like(sp.weight)
        self.tok_emb.weight = (
            mx.random.normal(self.tok_emb.weight.shape, dtype=mx.float32) * tied_embed_init_std
        ).astype(COMPUTE_DTYPE)

    def softcap(self, logits: mx.array) -> mx.array:
        c = self.logit_softcap
        return c * mx.tanh(logits / c)

    def __call__(self, input_ids: mx.array) -> mx.array:
        x = rms_norm(self.tok_emb(input_ids).astype(COMPUTE_DTYPE))
        x0 = x
        skips: list[mx.array] = []
        has_loop_scales = self.num_loop_passes > 1

        for i in range(self.num_encoder_layers):
            if has_loop_scales:
                loop_pass = i // self.num_physical_layers
                x = x * self.loop_scales[loop_pass].astype(x.dtype)[None, None, :]
            x = self.blocks[i % self.num_physical_layers](x, x0)
            skips.append(x)
        for i in range(self.num_decoder_layers):
            if skips:
                x = x + self.skip_weights[i].astype(x.dtype)[None, None, :] * skips.pop()
            eff_i = self.num_encoder_layers + i
            if has_loop_scales:
                loop_pass = eff_i // self.num_physical_layers
                x = x * self.loop_scales[loop_pass].astype(x.dtype)[None, None, :]
            x = self.blocks[eff_i % self.num_physical_layers](x, x0)
        return self.final_norm(x)

    def loss(self, input_ids: mx.array, target_ids: mx.array) -> mx.array:
        # Cross-entropy over flattened tokens. We keep optional logit chunking because it is a useful
        # memory knob on Macs, but the common path is chunk_tokens=0 (single matmul + CE).
        x = self(input_ids).reshape(-1, self.tok_emb.weight.shape[1])
        y = target_ids.reshape(-1)
        if self.logit_chunk_tokens <= 0 or x.shape[0] <= self.logit_chunk_tokens:
            logits_proj = x @ self.tok_emb.weight.astype(x.dtype).T
            logits = self.softcap(logits_proj)
            return nn.losses.cross_entropy(logits.astype(mx.float32), y, reduction="mean")

        loss_sum = mx.array(0.0, dtype=mx.float32)
        n = int(x.shape[0])
        for s in range(0, n, self.logit_chunk_tokens):
            e = min(s + self.logit_chunk_tokens, n)
            logits_proj = x[s:e] @ self.tok_emb.weight.astype(x.dtype).T
            logits = self.softcap(logits_proj)
            loss_sum = loss_sum + nn.losses.cross_entropy(logits.astype(mx.float32), y[s:e], reduction="sum")
        return loss_sum / float(n)

# ==============================================================================
# OPTIMIZERS (MUON + ADAM SPLIT)
# ==============================================================================
class Muon:
    # Muon applies SGD-momentum to matrix gradients, then orthogonalizes the result before the
    # parameter update.
    def __init__(self, keys: list[str], params: dict[str, mx.array], args: Hyperparameters):
        self.keys = keys
        self.args = args
        self.buffers = {k: mx.zeros_like(params[k]) for k in keys}

    def step(self, params: dict[str, mx.array], grads: dict[str, mx.array], step: int, lr_mul: float) -> dict[str, mx.array]:
        if self.args.muon_momentum_warmup_steps:
            t = min(step / self.args.muon_momentum_warmup_steps, 1.0)
            momentum = (1.0 - t) * self.args.muon_momentum_warmup_start + t * self.args.muon_momentum
        else:
            momentum = self.args.muon_momentum
        lr = self.args.matrix_lr * lr_mul
        out: dict[str, mx.array] = {}
        for k in self.keys:
            p = params[k]
            g = grads[k]
            buf = momentum * self.buffers[k] + g
            self.buffers[k] = buf
            g_eff = g + momentum * buf
            g_ortho = zeropower_newtonschulz5(g_eff, self.args.muon_backend_steps)
            scale = math.sqrt(max(1.0, float(p.shape[0]) / float(p.shape[1])))
            out[k] = p - lr * (g_ortho * scale).astype(p.dtype)
        return out


class SplitOptimizers:
    # - embeddings: Adam with the tied-embedding LR
    # - block matrices (2D): Muon
    # - block scalars + skip weights: Adam
    # This preserves the high-level optimization behavior even though MLX internals differ.
    def __init__(self, model: GPT, args: Hyperparameters):
        self.args = args
        params = dict(tree_flatten(model.parameters()))
        self.embed_key = "tok_emb.weight"
        self.matrix_keys = [
            k
            for k, p in params.items()
            if k.startswith("blocks.") and p.ndim == 2 and not any(pattern in k for pattern in CONTROL_TENSOR_NAME_PATTERNS)
        ]
        self.scalar_keys = [
            k
            for k, p in params.items()
            if k in ("skip_weights", "loop_scales") or (k.startswith("blocks.") and (p.ndim < 2 or any(pattern in k for pattern in CONTROL_TENSOR_NAME_PATTERNS)))
        ]

        self.muon = Muon(self.matrix_keys, params, args)
        self.adam_embed = optim.Adam(
            learning_rate=args.tied_embed_lr,
            betas=[args.beta1, args.beta2],
            eps=args.adam_eps,
            bias_correction=True,
        )
        self.adam_scalar = optim.Adam(
            learning_rate=args.scalar_lr,
            betas=[args.beta1, args.beta2],
            eps=args.adam_eps,
            bias_correction=True,
        )

    def step(self, model: GPT, grads_tree: dict, step: int, lr_mul: float) -> None:
        params = dict(tree_flatten(model.parameters()))
        grads = dict(tree_flatten(grads_tree))
        updated = dict(params)

        updated.update(self.muon.step(params, grads, step=step, lr_mul=lr_mul))

        self.adam_embed.learning_rate = self.args.tied_embed_lr * lr_mul
        updated.update(
            self.adam_embed.apply_gradients(
                {self.embed_key: grads[self.embed_key]},
                {self.embed_key: params[self.embed_key]},
            )
        )

        self.adam_scalar.learning_rate = self.args.scalar_lr * lr_mul
        scalar_grads = {k: grads[k] for k in self.scalar_keys}
        scalar_params = {k: params[k] for k in self.scalar_keys}
        updated.update(self.adam_scalar.apply_gradients(scalar_grads, scalar_params))

        model.update(tree_unflatten(list(updated.items())))

# ==============================================================================
# QUANTIZATION (INT-N + ZLIB)
# ==============================================================================
# - per-row int-N for 2D float tensors (N=QUANT_BITS, default 8)
# - per-tensor int-N for other float tensors
# - fp16 passthrough for small float tensors
# - exact passthrough for non-floats

MX_DTYPE_FROM_NAME = {
    "float32": mx.float32,
    "float16": mx.float16,
    "bfloat16": mx.bfloat16,
}

QUANT_BITS = int(os.environ.get("QUANT_BITS", 8))
QUANT_MAXVAL = (1 << (QUANT_BITS - 1)) - 1  # e.g., 127 for int8, 63 for int7
INT8_KEEP_FLOAT_MAX_NUMEL = 65_536
INT8_KEEP_FLOAT_STORE_DTYPE = np.float16
INT8_PER_ROW_SCALE_DTYPE = np.float16
INT8_CLIP_PERCENTILE = 99.99984
INT8_CLIP_Q = INT8_CLIP_PERCENTILE / 100.0


def _np_float32(arr: mx.array) -> np.ndarray:
    return np.array(arr.astype(mx.float32), dtype=np.float32, copy=False)


def keep_float_array(name: str, arr: mx.array, passthrough_orig_dtypes: dict[str, str]) -> np.ndarray:
    if any(pattern in name for pattern in INT8_KEEP_FLOAT_FP32_NAME_PATTERNS):
        return np.ascontiguousarray(_np_float32(arr))
    if arr.dtype in {mx.float32, mx.bfloat16}:
        passthrough_orig_dtypes[name] = str(arr.dtype).split(".")[-1]
        return np.ascontiguousarray(np.array(arr.astype(mx.float16), dtype=INT8_KEEP_FLOAT_STORE_DTYPE, copy=False))
    return np.ascontiguousarray(np.array(arr, copy=True))


def quantize_float_array(arr: mx.array) -> tuple[np.ndarray, np.ndarray]:
    f32 = _np_float32(arr)
    qmax = float(QUANT_MAXVAL)
    if f32.ndim == 2:
        # Matrices get one scale per row, which usually tracks output-channel
        # ranges much better than a single tensor-wide scale.
        clip_abs = np.quantile(np.abs(f32), INT8_CLIP_Q, axis=1) if f32.size else np.empty((f32.shape[0],), dtype=np.float32)
        clipped = np.clip(f32, -clip_abs[:, None], clip_abs[:, None])
        scale = np.maximum(clip_abs / qmax, 1.0 / qmax).astype(np.float32, copy=False)
        q = np.clip(np.round(clipped / scale[:, None]), -qmax, qmax).astype(np.int8, copy=False)
        return np.ascontiguousarray(q), np.ascontiguousarray(scale.astype(INT8_PER_ROW_SCALE_DTYPE, copy=False))

    # Vectors / scalars use a simpler per-tensor scale.
    clip_abs = float(np.quantile(np.abs(f32).reshape(-1), INT8_CLIP_Q)) if f32.size else 0.0
    scale = np.array(clip_abs / qmax if clip_abs > 0.0 else 1.0, dtype=np.float32)
    q = np.clip(np.round(np.clip(f32, -clip_abs, clip_abs) / scale), -qmax, qmax).astype(np.int8, copy=False)
    return np.ascontiguousarray(q), scale


def quantize_state_dict_int8(flat_state: dict[str, mx.array]) -> tuple[dict[str, object], dict[str, int]]:
    quantized: dict[str, np.ndarray] = {}
    scales: dict[str, np.ndarray] = {}
    dtypes: dict[str, str] = {}
    passthrough: dict[str, np.ndarray] = {}
    passthrough_orig_dtypes: dict[str, str] = {}
    qmeta: dict[str, dict[str, object]] = {}
    stats = dict.fromkeys(
        ("param_count", "num_tensors", "num_float_tensors", "num_nonfloat_tensors", "baseline_tensor_bytes", "int8_payload_bytes"),
        0,
    )
    for name, arr in flat_state.items():
        stats["param_count"] += int(arr.size)
        stats["num_tensors"] += 1
        stats["baseline_tensor_bytes"] += int(arr.nbytes)
        if not mx.issubdtype(arr.dtype, mx.floating):
            stats["num_nonfloat_tensors"] += 1
            passthrough[name] = np.ascontiguousarray(np.array(arr))
            stats["int8_payload_bytes"] += int(passthrough[name].nbytes)
            continue

        # Small float tensors are cheap enough to keep directly. We still downcast
        # fp32/bf16 passthrough tensors to fp16 so metadata does not dominate size.
        if int(arr.size) <= INT8_KEEP_FLOAT_MAX_NUMEL:
            kept = keep_float_array(name, arr, passthrough_orig_dtypes)
            passthrough[name] = kept
            stats["int8_payload_bytes"] += int(kept.nbytes)
            continue

        stats["num_float_tensors"] += 1
        q, s = quantize_float_array(arr)
        if s.ndim > 0:
            qmeta[name] = {"scheme": "per_row", "axis": 0}
        quantized[name] = q
        scales[name] = s
        dtypes[name] = str(arr.dtype).split(".")[-1]
        stats["int8_payload_bytes"] += int(q.nbytes + s.nbytes)
    obj: dict[str, object] = {
        "__quant_format__": "int8_clean_per_row_v1",
        "quantized": quantized,
        "scales": scales,
        "dtypes": dtypes,
        "passthrough": passthrough,
    }
    if qmeta:
        obj["qmeta"] = qmeta
    if passthrough_orig_dtypes:
        obj["passthrough_orig_dtypes"] = passthrough_orig_dtypes
    return obj, stats


def dequantize_state_dict_int8(quant_obj: dict[str, object]) -> dict[str, mx.array]:
    out: dict[str, mx.array] = {}
    qmeta = quant_obj.get("qmeta", {})
    passthrough_orig_dtypes = quant_obj.get("passthrough_orig_dtypes", {})
    for name, q in quant_obj["quantized"].items():
        q_np = np.asarray(q, dtype=np.int8)
        dtype_name = quant_obj["dtypes"][name]
        scale = np.asarray(quant_obj["scales"][name], dtype=np.float32)
        if qmeta.get(name, {}).get("scheme") == "per_row" or scale.ndim > 0:
            # Broadcast the saved row scale back across trailing dimensions.
            out_arr = q_np.astype(np.float32) * scale.reshape((q_np.shape[0],) + (1,) * (q_np.ndim - 1))
        else:
            out_arr = q_np.astype(np.float32) * float(scale)
        out[name] = mx.array(out_arr, dtype=MX_DTYPE_FROM_NAME[dtype_name])
    for name, arr in quant_obj["passthrough"].items():
        # Restore small tensors, undoing the temporary fp16 storage cast if needed.
        out_arr = np.array(arr, copy=True)
        orig_dtype = passthrough_orig_dtypes.get(name)
        if isinstance(orig_dtype, str):
            out[name] = mx.array(out_arr, dtype=MX_DTYPE_FROM_NAME[orig_dtype])
        else:
            out[name] = mx.array(out_arr)
    return out


def build_sentencepiece_luts(
    sp: spm.SentencePieceProcessor, vocab_size: int
) -> tuple[np.ndarray, np.ndarray, np.ndarray]:
    sp_vocab_size = int(sp.vocab_size())
    table_size = max(sp_vocab_size, vocab_size)
    base_bytes_lut = np.zeros((table_size,), dtype=np.int16)
    has_leading_space_lut = np.zeros((table_size,), dtype=np.bool_)
    is_boundary_token_lut = np.ones((table_size,), dtype=np.bool_)
    for token_id in range(sp_vocab_size):
        if sp.is_control(token_id) or sp.is_unknown(token_id) or sp.is_unused(token_id):
            continue
        is_boundary_token_lut[token_id] = False
        if sp.is_byte(token_id):
            base_bytes_lut[token_id] = 1
            continue
        piece = sp.id_to_piece(token_id)
        if piece.startswith("▁"):
            has_leading_space_lut[token_id] = True
            piece = piece[1:]
        base_bytes_lut[token_id] = len(piece.encode("utf-8"))
    return base_bytes_lut, has_leading_space_lut, is_boundary_token_lut


def validate_dataset_tokenizer_pair(data_path: str, tokenizer_path: str) -> tuple[str, int, int | None]:
    # The shard directory and tokenizer are coupled: val_bpb is only meaningful if we
    # decode bytes with the exact tokenizer that produced the shards. The manifest
    # lets the training script fail fast on accidental dataset/tokenizer mismatches.
    dataset_dir = Path(data_path).resolve()
    actual_train_files = len(list(dataset_dir.glob("fineweb_train_*.bin")))
    if len(dataset_dir.parents) < 2:
        return dataset_dir.name, actual_train_files, None
    manifest_path = dataset_dir.parents[1] / "manifest.json"
    if not manifest_path.is_file():
        return dataset_dir.name, actual_train_files, None

    manifest = json.loads(manifest_path.read_text(encoding="utf-8"))
    dataset_entry = next((x for x in manifest.get("datasets", []) if x.get("name") == dataset_dir.name), None)
    if dataset_entry is None:
        return dataset_dir.name, actual_train_files, None

    tokenizer_name = dataset_entry.get("tokenizer_name")
    tokenizer_entry = (
        next((x for x in manifest.get("tokenizers", []) if x.get("name") == tokenizer_name), None)
        if tokenizer_name
        else None
    )
    expected_name = Path((tokenizer_entry or {}).get("model_path") or (tokenizer_entry or {}).get("path") or "").name
    if expected_name and Path(tokenizer_path).name != expected_name:
        raise ValueError(f"{dataset_dir.name} expects tokenizer {expected_name}, got {Path(tokenizer_path).name}")
    expected_train_files = (dataset_entry.get("stats") or {}).get("files_train")
    if expected_train_files is not None:
        expected_train_files = int(expected_train_files)
        if actual_train_files > expected_train_files:
            raise ValueError(
                f"{dataset_dir.name} has more train shards than expected: found {actual_train_files}, "
                f"manifest says {expected_train_files}"
            )
    return dataset_dir.name, actual_train_files, expected_train_files


def load_validation_tokens(pattern: str, seq_len: int) -> np.ndarray:
    files = [Path(p) for p in sorted(glob.glob(pattern))]
    if not files:
        raise FileNotFoundError(f"No files found for pattern: {pattern}")
    # The export pipeline writes the fixed first-50k-doc validation set to fineweb_val_*.
    tokens = np.ascontiguousarray(np.concatenate([load_data_shard(file) for file in files], axis=0))
    usable = ((tokens.size - 1) // seq_len) * seq_len
    if usable <= 0:
        raise ValueError(f"Validation split is too short for TRAIN_SEQ_LEN={seq_len}")
    return tokens[: usable + 1]


def loss_and_grad_chunked(
    args: Hyperparameters,
    train_loader: TokenLoader,
    compiled_loss_and_grad,
) -> tuple[mx.array, dict]:
    chunk_sizes = token_chunks(args.microbatch_tokens, args.train_seq_len, args.mlx_max_microbatch_tokens)
    total_tokens = float(sum(chunk_sizes))
    loss_value = mx.array(0.0, dtype=mx.float32)
    grad_accum: dict[str, mx.array] | None = None
    for chunk_tokens in chunk_sizes:
        x, y = train_loader.next_batch(chunk_tokens, args.train_seq_len)
        loss, grads = compiled_loss_and_grad(x, y)
        scale = float(y.size) / total_tokens
        loss_value = loss_value + loss.astype(mx.float32) * scale
        grad_accum = accumulate_flat_grads(grad_accum, grads, scale)
    return loss_value, tree_unflatten(list(grad_accum.items()))


def eval_val(
    args: Hyperparameters,
    compiled_loss,
    val_tokens: np.ndarray,
    base_bytes_lut: np.ndarray,
    has_leading_space_lut: np.ndarray,
    is_boundary_token_lut: np.ndarray,
) -> tuple[float, float]:
    # Validation computes two metrics:
    # - val_loss: token cross-entropy (natural log)
    # - val_bpb: tokenizer-agnostic compression metric used by the challenge
    val_batch_tokens = args.val_batch_size // args.grad_accum_steps
    if val_batch_tokens < args.train_seq_len:
        raise ValueError(
            "VAL_BATCH_SIZE must provide at least one sequence; "
            f"got VAL_BATCH_SIZE={args.val_batch_size}, GRAD_ACCUM_STEPS={args.grad_accum_steps}, "
            f"TRAIN_SEQ_LEN={args.train_seq_len}"
        )
    val_batch_seqs = val_batch_tokens // args.train_seq_len
    total_seqs = (val_tokens.size - 1) // args.train_seq_len
    total_loss = mx.array(0.0, dtype=mx.float32)
    total_tokens = 0.0
    total_bytes = 0.0
    for batch_seq_start in range(0, total_seqs, val_batch_seqs):
        batch_seq_end = min(batch_seq_start + val_batch_seqs, total_seqs)
        raw_start = batch_seq_start * args.train_seq_len
        raw_end = batch_seq_end * args.train_seq_len + 1
        chunk = val_tokens[raw_start:raw_end]
        x_np = chunk[:-1].reshape(-1, args.train_seq_len)
        y_np = chunk[1:].reshape(-1, args.train_seq_len)
        x = mx.array(x_np, dtype=mx.int32)
        y = mx.array(y_np, dtype=mx.int32)
        chunk_token_count = float(y.size)
        total_loss = total_loss + compiled_loss(x, y).astype(mx.float32) * chunk_token_count
        prev_ids = x_np.reshape(-1)
        tgt_ids = y_np.reshape(-1)
        bytes_np = base_bytes_lut[tgt_ids].astype(np.int16, copy=True)
        bytes_np += (
            has_leading_space_lut[tgt_ids] & ~is_boundary_token_lut[prev_ids]
        ).astype(np.int16, copy=False)
        total_tokens += chunk_token_count
        total_bytes += float(bytes_np.astype(np.float64).sum())
    total_loss = total_loss / total_tokens
    mx.eval(total_loss)
    val_loss = float(total_loss.item())
    bits_per_token = val_loss / math.log(2.0)
    val_bpb = bits_per_token * (total_tokens / total_bytes)
    return val_loss, val_bpb

# -----------------------------
# TRAINING
# -----------------------------

def clip_grad_tree(grads_tree: dict, max_norm: float) -> dict:
    if max_norm <= 0:
        return grads_tree
    flat = dict(tree_flatten(grads_tree))
    total_sq = 0.0
    for grad in flat.values():
        total_sq += float(np.sum(np.square(_np_float32(grad)), dtype=np.float64))
    if total_sq <= 0.0:
        return grads_tree
    total_norm = math.sqrt(total_sq)
    if total_norm <= max_norm:
        return grads_tree
    scale = max_norm / (total_norm + 1e-12)
    return tree_unflatten([(k, g * scale) for k, g in flat.items()])


def main() -> None:
    # ==============================================================================
    # TOKENIZER + VALIDATION METRIC SETUP
    # ==============================================================================
    args = Hyperparameters()
    out_dir = Path(args.out_dir)
    out_dir.mkdir(parents=True, exist_ok=True)
    logfile = out_dir / f"{args.run_id}.txt"
    print(logfile)

    def log(msg: str, console: bool = True) -> None:
        if console:
            print(msg)
        with logfile.open("a", encoding="utf-8") as f:
            print(msg, file=f)

    code = Path(__file__).read_text(encoding="utf-8")
    log(code, console=False)
    log("=" * 100, console=False)
    log(f"Running Python {sys.version}", console=False)
    log(f"Running MLX {mx.__version__}", console=False)
    log("=" * 100, console=False)

    if not args.tie_embeddings:
        raise NotImplementedError("train_gpt_mlx.py only supports tied embeddings")
    if not args.tokenizer_path.endswith(".model"):
        raise ValueError(f"TOKENIZER_PATH must point to a SentencePiece .model file: {args.tokenizer_path}")
    sp = spm.SentencePieceProcessor(model_file=args.tokenizer_path)
    if int(sp.vocab_size()) != args.vocab_size:
        raise ValueError(
            f"VOCAB_SIZE={args.vocab_size} does not match tokenizer vocab_size={int(sp.vocab_size())}"
        )
    dataset_name, actual_train_files, expected_train_files = validate_dataset_tokenizer_pair(
        args.data_path,
        args.tokenizer_path,
    )
    val_tokens = load_validation_tokens(args.val_files, args.train_seq_len)

    base_bytes_lut, has_leading_space_lut, is_boundary_token_lut = build_sentencepiece_luts(
        sp, args.vocab_size
    )

    # ==============================================================================
    # TRAINING SETUP
    # ==============================================================================
    mx.random.seed(args.seed)

    train_loader = TokenLoader(args.train_files, log_fn=log, dataset_name=dataset_name)

    # ==============================================================================
    # MODEL + OPTIMIZER SETUP
    # ==============================================================================
    model = GPT(
        vocab_size=args.vocab_size,
        num_layers=args.num_layers,
        dim=args.model_dim,
        num_heads=args.num_heads,
        num_kv_heads=args.num_kv_heads,
        mlp_mult=args.mlp_mult,
        logit_chunk_tokens=args.logit_chunk_tokens,
        logit_softcap=args.logit_softcap,
        rope_base=args.rope_base,
        tied_embed_init_std=args.tied_embed_init_std,
        qk_gain_init=args.qk_gain_init,
        num_physical_layers=args.num_physical_layers,
        mlp_type=args.mlp_type,
    )
    opt = SplitOptimizers(model, args)

    # ==============================================================================
    # COMPILED TRAIN / EVAL FUNCTIONS (MLX)
    # ==============================================================================
    # The crucial MLX detail is capture scope: this model contains non-trainable arrays too (for example
    # inside RoPE modules), so compiling only against trainable parameters throws "uncaptured inputs".
    # Compiling the model-bound functions and capturing the full model state fixes that while still
    # returning gradients only for trainable parameters via nn.value_and_grad(...).
    compiled_loss = mx.compile(lambda x, y: model.loss(x, y), inputs=model.state, outputs=model.state)
    compiled_loss_and_grad = mx.compile(
        nn.value_and_grad(model, lambda x, y: model.loss(x, y)),
        inputs=model.state,
        outputs=model.state,
    )

    # Print config once so logs are self-describing.
    n_params = sum(int(np.prod(p.shape)) for _, p in tree_flatten(model.parameters()))
    log(f"run_id:{args.run_id}")
    log(f"mlx_version:{mx.__version__}")
    log(f"train_loader:shards pattern={args.train_files}")
    log(f"val_loader:shards pattern={args.val_files} tokens:{val_tokens.size - 1}")
    if expected_train_files is None:
        log(f"train_loader:dataset:{dataset_name} train_shards:{actual_train_files}")
    elif actual_train_files < expected_train_files:
        log(
            f"WARNING: train_loader:subset dataset:{dataset_name} "
            f"train_shards:{actual_train_files}/{expected_train_files} "
            f"new epochs will arrive sooner than the full dataset"
        )
    else:
        log(f"train_loader:dataset:{dataset_name} train_shards:{actual_train_files}/{expected_train_files}")
    log(f"tokenizer_path:{args.tokenizer_path}")
    log(
        f"model_params:{n_params} vocab_size:{args.vocab_size} layers:{args.num_layers} "
        f"dim:{args.model_dim} heads:{args.num_heads} kv_heads:{args.num_kv_heads} "
        f"seq_len:{args.train_seq_len} tie_embeddings:{args.tie_embeddings}"
    )
    log(
        f"iterations:{args.iterations} train_batch_tokens:{args.train_batch_tokens} grad_accum_steps:{args.grad_accum_steps} "
        f"microbatch_tokens:{args.microbatch_tokens} microbatch_batch_size:{args.microbatch_tokens // args.train_seq_len} "
        f"val_batch_size:{args.val_batch_size} "
        f"warmup_steps:{args.warmup_steps} max_wallclock_seconds:{args.max_wallclock_seconds:.3f}"
    )
    log(f"mlx_max_microbatch_tokens:{args.mlx_max_microbatch_tokens}")
    log(
        f"optimizer:muon+adam muon_matrix_params:{len(opt.matrix_keys)} scalar_params:{len(opt.scalar_keys)} "
        f"embed_lr:{args.tied_embed_lr} "
        f"matrix_lr:{args.matrix_lr} scalar_lr:{args.scalar_lr} "
        f"muon_momentum:{args.muon_momentum} muon_steps:{args.muon_backend_steps}"
    )
    log(f"val_bpb:enabled tokenizer_kind=sentencepiece tokenizer_path={args.tokenizer_path}")
    log(f"compute_dtype:{COMPUTE_DTYPE} compile:True")
    log(
        f"dtypes tok_emb:{model.tok_emb.weight.dtype} "
        f"linear_weight:{model.blocks[0].attn.c_q.weight.dtype} "
        f"skip_weights:{model.skip_weights.dtype}"
    )

    # ==============================================================================
    # TRAINING LOOP
    # ==============================================================================
    if args.warmup_steps > 0:
        # Warmup should only prime MLX compile/allocation paths. Updating parameters here forces us
        # to snapshot and restore model/optimizer state, which is expensive on unified-memory Macs.
        # Instead we run the real train shapes, force the loss/grads to materialize, and then reset
        # the loader so measured training still starts from the true init and token window.
        for warmup_step in range(args.warmup_steps):
            accum: dict[str, mx.array] | None = None
            warmup_loss = mx.array(0.0, dtype=mx.float32)
            grad_scale = 1.0 / args.grad_accum_steps
            for _ in range(args.grad_accum_steps):
                warmup_loss, grads = loss_and_grad_chunked(args, train_loader, compiled_loss_and_grad)
                accum = accumulate_flat_grads(accum, grads, grad_scale)
            mx.eval(warmup_loss, accum)
            mx.synchronize()
            if args.warmup_steps <= 20 or (warmup_step + 1) % 10 == 0 or warmup_step + 1 == args.warmup_steps:
                log(f"warmup_step:{warmup_step + 1}/{args.warmup_steps}")

        # Prime the standalone eval graph once too. It is compiled separately from value_and_grad.
        val_batch_tokens = args.val_batch_size // args.grad_accum_steps
        if val_batch_tokens < args.train_seq_len:
            raise ValueError(
                "VAL_BATCH_SIZE must provide at least one sequence; "
                f"got VAL_BATCH_SIZE={args.val_batch_size}, GRAD_ACCUM_STEPS={args.grad_accum_steps}, "
                f"TRAIN_SEQ_LEN={args.train_seq_len}"
            )
        warm_val_seqs = min(val_batch_tokens // args.train_seq_len, (val_tokens.size - 1) // args.train_seq_len)
        warm_chunk = val_tokens[: warm_val_seqs * args.train_seq_len + 1]
        x_val = mx.array(warm_chunk[:-1].reshape(-1, args.train_seq_len), dtype=mx.int32)
        y_val = mx.array(warm_chunk[1:].reshape(-1, args.train_seq_len), dtype=mx.int32)
        warm_val_loss = compiled_loss(x_val, y_val)
        mx.eval(warm_val_loss)
        mx.synchronize()

        train_loader = TokenLoader(args.train_files, log_fn=log, dataset_name=dataset_name)

    train_time_ms = 0.0
    max_wallclock_ms = 1000.0 * args.max_wallclock_seconds if args.max_wallclock_seconds > 0 else None
    stop_after_step: int | None = None
    t0 = time.perf_counter()
    step = 0
    while True:
        last_step = step == args.iterations or (stop_after_step is not None and step >= stop_after_step)
        if last_step or (args.val_loss_every > 0 and step % args.val_loss_every == 0):
            # Validation always scans the same fixed full validation split.
            val_loss, val_bpb = eval_val(
                args,
                compiled_loss,
                val_tokens,
                base_bytes_lut,
                has_leading_space_lut,
                is_boundary_token_lut,
            )
            train_time_ms += 1000.0 * (time.perf_counter() - t0)
            if step % 25 == 0 or last_step:
                log(
                    f"step:{step}/{args.iterations} val_loss:{val_loss:.4f} val_bpb:{val_bpb:.4f} "
                    f"train_time:{train_time_ms:.0f}ms step_avg:{train_time_ms / max(step, 1):.2f}ms"
                )
            t0 = time.perf_counter()
        if last_step:
            if stop_after_step is not None and step < args.iterations:
                log(f"stopping_early: wallclock_cap train_time:{train_time_ms:.0f}ms step:{step}/{args.iterations}")
            break

        lr_mul = args.lr_mul(step, train_time_ms + 1000.0 * (time.perf_counter() - t0))
        step_t0 = time.perf_counter()

        accum: dict[str, mx.array] | None = None
        train_loss = mx.array(0.0, dtype=mx.float32)
        grad_scale = 1.0 / args.grad_accum_steps
        for _ in range(args.grad_accum_steps):
            loss, grads = loss_and_grad_chunked(args, train_loader, compiled_loss_and_grad)
            accum = accumulate_flat_grads(accum, grads, grad_scale)
            train_loss = train_loss + loss.astype(mx.float32) * grad_scale

        grads = tree_unflatten(list(accum.items()))
        grads = clip_grad_tree(grads, args.grad_clip_norm)
        train_loss_value = float(train_loss.item())
        opt.step(model, grads, step=step, lr_mul=lr_mul)
        mx.synchronize()

        step_ms = 1000.0 * (time.perf_counter() - step_t0)
        approx_train_time_ms = train_time_ms + 1000.0 * (time.perf_counter() - t0)
        tok_s = args.train_batch_tokens / (step_ms / 1000.0)
        step += 1
        if args.train_log_every > 0 and (step <= 10 or step % args.train_log_every == 0 or stop_after_step is not None):
            log(
                f"step:{step}/{args.iterations} train_loss:{train_loss_value:.4f} "
                f"train_time:{approx_train_time_ms:.0f}ms step_avg:{approx_train_time_ms / step:.2f}ms tok_s:{tok_s:.0f}"
            )
        if max_wallclock_ms is not None and stop_after_step is None and approx_train_time_ms >= max_wallclock_ms:
            stop_after_step = step

    # ==============================================================================
    # FINAL SERIALIZATION + QUANTIZED ROUNDTRIP EVAL
    # ==============================================================================
    # We always write a raw artifact and a quantized artifact, then validate the
    # quantized roundtrip directly by loading the dequantized tensors back into the
    # model and running one final validation pass.
    out_path = out_dir / f"{args.run_id}_mlx_model.npz"
    flat_state = {k: v for k, v in tree_flatten(model.state)}
    mx.savez(str(out_path), **flat_state)
    log(f"saved_model:{out_path} bytes:{out_path.stat().st_size}")

    quant_obj, quant_stats = quantize_state_dict_int8(flat_state)
    quant_raw = pickle.dumps(quant_obj, protocol=pickle.HIGHEST_PROTOCOL)
    quant_blob = zlib.compress(quant_raw, level=9)
    quant_serialized_bytes = len(quant_raw)
    quant_path = out_dir / f"{args.run_id}_mlx_model.int8.ptz"
    with quant_path.open("wb") as f:
        f.write(quant_blob)
    quant_file_bytes = quant_path.stat().st_size
    ratio = quant_stats["baseline_tensor_bytes"] / max(quant_stats["int8_payload_bytes"], 1)
    log(
        f"serialized_model_int8_zlib:{quant_file_bytes} bytes "
        f"(payload:{quant_stats['int8_payload_bytes']} raw_pickle:{quant_serialized_bytes} payload_ratio:{ratio:.2f}x)"
    )

    with quant_path.open("rb") as f:
        quant_blob_disk = f.read()
    quant_flat = dequantize_state_dict_int8(pickle.loads(zlib.decompress(quant_blob_disk)))
    model.update(tree_unflatten(list(quant_flat.items())))
    q_t0 = time.perf_counter()
    q_val_loss, q_val_bpb = eval_val(
        args,
        compiled_loss,
        val_tokens,
        base_bytes_lut,
        has_leading_space_lut,
        is_boundary_token_lut,
    )
    q_eval_ms = 1000.0 * (time.perf_counter() - q_t0)
    log(f"final_int8_zlib_roundtrip val_loss:{q_val_loss:.4f} val_bpb:{q_val_bpb:.4f} eval_time:{q_eval_ms:.0f}ms")
    log(f"final_int8_zlib_roundtrip_exact val_loss:{q_val_loss:.8f} val_bpb:{q_val_bpb:.8f}")


if __name__ == "__main__":
    main()

====================================================================================================
#!/usr/bin/env python3
"""Run a parameter-golf experiment with MLX, with memory-safe validation."""
import glob
import json
import math
import os
import pickle
import platform
import subprocess
import sys
import time
import zlib
from pathlib import Path

import numpy as np
import sentencepiece as spm

# Ensure we can import from the worktree
sys.path.insert(0, os.path.dirname(os.path.abspath(__file__)))

import mlx.core as mx
import mlx.nn as nn
from mlx.utils import tree_flatten, tree_unflatten

# Import model components from train_gpt_mlx
from train_gpt_mlx import (
    GPT,
    Hyperparameters,
    SplitOptimizers,
    TokenLoader,
    build_sentencepiece_luts,
    load_data_shard,
    quantize_state_dict_int8,
)


def eval_val_chunked(
    args,
    compiled_loss,
    val_pattern: str,
    seq_len: int,
    base_bytes_lut,
    has_leading_space_lut,
    is_boundary_token_lut,
    max_val_tokens: int = 65536,
) -> tuple[float, float]:
    """Memory-safe validation that processes one shard at a time."""
    val_files = sorted(glob.glob(val_pattern))
    if not val_files:
        raise FileNotFoundError(f"No val files for {val_pattern}")

    total_loss = 0.0
    total_tokens = 0.0
    total_bytes = 0.0

    for vf in val_files:
        shard_tokens = load_data_shard(Path(vf))
        usable = ((shard_tokens.size - 1) // seq_len) * seq_len
        if usable <= 0:
            continue
        shard_tokens = shard_tokens[: usable + 1]

        # Process in small chunks
        batch_seqs = max(max_val_tokens // seq_len, 1)
        total_seqs = usable // seq_len

        for batch_start in range(0, total_seqs, batch_seqs):
            batch_end = min(batch_start + batch_seqs, total_seqs)
            raw_start = batch_start * seq_len
            raw_end = batch_end * seq_len + 1
            chunk = shard_tokens[raw_start:raw_end]

            x_np = chunk[:-1].reshape(-1, seq_len)
            y_np = chunk[1:].reshape(-1, seq_len)
            x = mx.array(x_np, dtype=mx.int32)
            y = mx.array(y_np, dtype=mx.int32)

            chunk_count = float(y.size)
            loss_val = compiled_loss(x, y)
            mx.eval(loss_val)
            total_loss += float(loss_val.item()) * chunk_count
            total_tokens += chunk_count

            prev_ids = x_np.reshape(-1)
            tgt_ids = y_np.reshape(-1)
            bytes_np = base_bytes_lut[tgt_ids].astype(np.int16, copy=True)
            bytes_np += (
                has_leading_space_lut[tgt_ids] & ~is_boundary_token_lut[prev_ids]
            ).astype(np.int16, copy=False)
            total_bytes += float(bytes_np.astype(np.float64).sum())

    if total_tokens == 0:
        raise ValueError("No validation tokens processed")

    val_loss = total_loss / total_tokens
    bits_per_token = val_loss / math.log(2.0)
    val_bpb = bits_per_token * (total_tokens / total_bytes)
    return val_loss, val_bpb


class TeeStream:
    """Write to both a stream and a log file."""

    def __init__(self, stream, log_file):
        self.stream = stream
        self.log_file = log_file

    def write(self, data):
        self.stream.write(data)
        self.log_file.write(data)
        self.log_file.flush()

    def flush(self):
        self.stream.flush()
        self.log_file.flush()


def main():
    # Load experiment config
    exp_dir = os.environ.get("EXP_DIR")
    if not exp_dir:
        print("EXP_DIR env var required")
        sys.exit(1)

    # Tee all output to train.log in the experiment directory
    log_path = os.path.join(exp_dir, "train.log")
    log_file = open(log_path, "w")
    sys.stdout = TeeStream(sys.__stdout__, log_file)
    sys.stderr = TeeStream(sys.__stderr__, log_file)

    config_path = os.path.join(exp_dir, "config.json")
    with open(config_path) as f:
        config = json.load(f)

    # Log both the runner and the training script source
    runner_path = os.path.abspath(__file__)
    train_script_path = os.path.join(os.path.dirname(runner_path), "train_gpt_mlx.py")
    print(Path(train_script_path).read_text(encoding="utf-8"))
    print("=" * 100)
    print(Path(runner_path).read_text(encoding="utf-8"))
    print("=" * 100)
    print(f"Running Python {sys.version}")
    print(f"Platform: {platform.platform()}")
    print(f"MLX version: {mx.__version__}")
    sysctl = subprocess.run(["sysctl", "-n", "hw.memsize", "machdep.cpu.brand_string"],
                            stdout=subprocess.PIPE, stderr=subprocess.PIPE, text=True, check=False)
    print(f"System: {sysctl.stdout.strip()}")
    print("=" * 100)

    print(f"Config: {json.dumps(config, indent=2)}")

    args = Hyperparameters()
    mx.random.seed(args.seed)

    # Log all hyperparameters
    print(f"data_path:{args.data_path}")
    print(f"tokenizer_path:{args.tokenizer_path}")
    print(f"model: num_layers={args.num_layers} model_dim={args.model_dim} num_heads={args.num_heads} "
          f"num_kv_heads={args.num_kv_heads} mlp_mult={args.mlp_mult} mlp_type={args.mlp_type}")
    print(f"layer_looping: num_physical_layers={args.num_physical_layers}")
    print(f"optimizer: matrix_lr={args.matrix_lr} scalar_lr={args.scalar_lr} tied_embed_lr={args.tied_embed_lr} "
          f"muon_momentum={args.muon_momentum} warmup_steps={args.warmup_steps} warmdown_iters={args.warmdown_iters}")
    print(f"training: iterations={args.iterations} train_batch_tokens={args.train_batch_tokens} "
          f"train_seq_len={args.train_seq_len} seed={args.seed}")
    print(f"quantization: QUANT_BITS={os.environ.get('QUANT_BITS', '8')}")
    print("=" * 100)

    # Setup tokenizer
    sp = spm.SentencePieceProcessor(model_file=args.tokenizer_path)
    base_bytes_lut, has_leading_space_lut, is_boundary_token_lut = build_sentencepiece_luts(
        sp, args.vocab_size
    )

    # Build model
    model = GPT(
        vocab_size=args.vocab_size,
        num_layers=args.num_layers,
        dim=args.model_dim,
        num_heads=args.num_heads,
        num_kv_heads=args.num_kv_heads,
        mlp_mult=args.mlp_mult,
        logit_chunk_tokens=args.logit_chunk_tokens,
        logit_softcap=args.logit_softcap,
        rope_base=args.rope_base,
        tied_embed_init_std=args.tied_embed_init_std,
        qk_gain_init=args.qk_gain_init,
        num_physical_layers=args.num_physical_layers,
        mlp_type=args.mlp_type,
    )
    opt = SplitOptimizers(model, args)

    n_params = sum(int(np.prod(p.shape)) for _, p in tree_flatten(model.parameters()))
    print(f"Model params: {n_params}")

    # Use uncompiled functions to avoid MLX compile graph memory issues on Mac
    def loss_fn(x, y):
        return model.loss(x, y)

    loss_and_grad_fn = nn.value_and_grad(model, loss_fn)
    compiled_loss = loss_fn
    compiled_loss_and_grad = loss_and_grad_fn

    # Train loader
    train_loader = TokenLoader(args.train_files)

    # Skip warmup on Mac to save memory - go straight to training
    print(f"Skipping warmup (Mac memory constraints)")

    # Training loop
    train_time_ms = 0.0
    max_wallclock_ms = 1000.0 * args.max_wallclock_seconds if args.max_wallclock_seconds > 0 else None
    stop_after_step = None
    t0 = time.perf_counter()
    step = 0

    while True:
        last_step = step == args.iterations or (
            stop_after_step is not None and step >= stop_after_step
        )
        if last_step:
            train_time_ms += 1000.0 * (time.perf_counter() - t0)
            if stop_after_step is not None and step < args.iterations:
                print(f"stopping_early: wallclock_cap train_time:{train_time_ms:.0f}ms step:{step}/{args.iterations}")
            break

        lr_mul = args.lr_mul(step, train_time_ms + 1000.0 * (time.perf_counter() - t0))
        step_t0 = time.perf_counter()

        # Simple single-batch training step (no grad accum for memory)
        x, y = train_loader.next_batch(args.train_batch_tokens, args.train_seq_len)
        train_loss, grads = loss_and_grad_fn(x, y)
        mx.eval(train_loss, grads)
        train_loss_value = float(train_loss.item())
        opt.step(model, grads, step=step, lr_mul=lr_mul)
        mx.synchronize()

        step_ms = 1000.0 * (time.perf_counter() - step_t0)
        approx_time_ms = train_time_ms + 1000.0 * (time.perf_counter() - t0)
        step += 1

        if step <= 10 or step % 10 == 0:
            print(
                f"step:{step}/{args.iterations} train_loss:{train_loss_value:.4f} "
                f"train_time:{approx_time_ms:.0f}ms step_avg:{approx_time_ms / step:.2f}ms"
            )

        if max_wallclock_ms is not None and stop_after_step is None and approx_time_ms >= max_wallclock_ms:
            stop_after_step = step

    print(f"Training done. Total train_time: {train_time_ms:.0f}ms, steps: {step}")

    # Validation - memory safe
    print("Running validation...")
    val_loss, val_bpb = eval_val_chunked(
        args,
        compiled_loss,
        args.val_files,
        args.train_seq_len,
        base_bytes_lut,
        has_leading_space_lut,
        is_boundary_token_lut,
        max_val_tokens=4096,
    )
    print(f"val_loss:{val_loss:.4f} val_bpb:{val_bpb:.4f}")

    # Save int8-quantized artifact
    print("Quantizing model to int8...")
    flat_state = dict(tree_flatten(model.parameters()))
    quant_obj, quant_stats = quantize_state_dict_int8(flat_state)
    quant_raw = pickle.dumps(quant_obj, protocol=pickle.HIGHEST_PROTOCOL)
    quant_compressed = zlib.compress(quant_raw, level=9)
    artifact_path = os.path.join(exp_dir, "artifact.int8.ptz")
    with open(artifact_path, "wb") as f:
        f.write(quant_compressed)
    artifact_bytes = len(quant_compressed)
    print(f"Artifact saved: {artifact_path} ({artifact_bytes:,} bytes, {artifact_bytes/1_000_000:.2f} MB)")
    print(f"  int8_payload: {quant_stats['int8_payload_bytes']:,} bytes, "
          f"raw_pickle: {len(quant_raw):,} bytes, "
          f"compressed: {artifact_bytes:,} bytes")
    if artifact_bytes > 16_000_000:
        print(f"WARNING: Artifact exceeds 16MB limit ({artifact_bytes:,} bytes)")

    # Write results
    result = {
        "val_bpb": val_bpb,
        "val_loss": val_loss,
        "train_loss": train_loss_value,
        "steps": step,
        "train_time_ms": train_time_ms,
        "n_params": n_params,
        "config": config,
        "artifact_bytes": artifact_bytes,
        "platform": "mlx_apple_m3_max",
        "note": "Reduced batch/iterations for Mac; relative ranking valid for architecture comparison",
    }

    result_path = os.path.join(exp_dir, "result.json")
    with open(result_path, "w") as f:
        json.dump(result, f, indent=2)
    print(f"Results written to {result_path}")
    print(f"val_bpb: {val_bpb}")


if __name__ == "__main__":
    main()

====================================================================================================
Running Python 3.12.3 (v3.12.3:f6650f9ad7, Apr  9 2024, 08:18:47) [Clang 13.0.0 (clang-1300.0.29.30)]
Platform: macOS-26.3-arm64-arm-64bit
MLX version: 0.31.1
System: 38654705664
Apple M3 Max
====================================================================================================
Config: {
  "num_layers": 10,
  "num_physical_layers": 5,
  "model_dim": 576,
  "num_kv_heads": 1,
  "mlp_mult": 2,
  "matrix_lr": 0.04,
  "tied_embed_lr": 0.05,
  "scalar_lr": 0.04,
  "muon_momentum": 0.95,
  "warmup_steps": 20,
  "warmdown_iters": 1200,
  "train_batch_tokens": 32768
}
data_path:/Users/tbowyer/parameter-golf/data/datasets/fineweb10B_sp1024
tokenizer_path:/Users/tbowyer/parameter-golf/data/tokenizers/fineweb_1024_bpe.model
model: num_layers=10 model_dim=576 num_heads=9 num_kv_heads=1 mlp_mult=2 mlp_type=standard
layer_looping: num_physical_layers=5
optimizer: matrix_lr=0.04 scalar_lr=0.04 tied_embed_lr=0.05 muon_momentum=0.95 warmup_steps=20 warmdown_iters=1200
training: iterations=1000 train_batch_tokens=32768 train_seq_len=1024 seed=1337
quantization: QUANT_BITS=8
====================================================================================================
Model params: 10927341
Skipping warmup (Mac memory constraints)
step:1/1000 train_loss:6.9388 train_time:2163ms step_avg:2163.30ms
step:2/1000 train_loss:16.2866 train_time:3669ms step_avg:1834.33ms
step:3/1000 train_loss:9.9725 train_time:5118ms step_avg:1706.01ms
step:4/1000 train_loss:6.9555 train_time:6569ms step_avg:1642.33ms
step:5/1000 train_loss:6.7484 train_time:8015ms step_avg:1603.05ms
step:6/1000 train_loss:6.9415 train_time:9458ms step_avg:1576.26ms
step:7/1000 train_loss:6.7177 train_time:10895ms step_avg:1556.42ms
step:8/1000 train_loss:6.4500 train_time:12351ms step_avg:1543.87ms
step:9/1000 train_loss:6.3063 train_time:13784ms step_avg:1531.52ms
step:10/1000 train_loss:6.2665 train_time:15214ms step_avg:1521.44ms
step:20/1000 train_loss:5.4702 train_time:29779ms step_avg:1488.95ms
step:30/1000 train_loss:4.7920 train_time:44279ms step_avg:1475.97ms
step:40/1000 train_loss:4.5415 train_time:58799ms step_avg:1469.98ms
step:50/1000 train_loss:4.5315 train_time:73527ms step_avg:1470.54ms
step:60/1000 train_loss:4.4010 train_time:88429ms step_avg:1473.81ms
step:70/1000 train_loss:4.1471 train_time:103309ms step_avg:1475.84ms
step:80/1000 train_loss:3.9027 train_time:118240ms step_avg:1478.00ms
step:90/1000 train_loss:4.1069 train_time:133382ms step_avg:1482.02ms
step:100/1000 train_loss:3.9409 train_time:148602ms step_avg:1486.02ms
step:110/1000 train_loss:3.7386 train_time:164067ms step_avg:1491.52ms
step:120/1000 train_loss:3.8372 train_time:179908ms step_avg:1499.24ms
step:130/1000 train_loss:3.6405 train_time:197669ms step_avg:1520.53ms
step:140/1000 train_loss:3.6478 train_time:214891ms step_avg:1534.94ms
step:150/1000 train_loss:3.6502 train_time:233763ms step_avg:1558.42ms
step:160/1000 train_loss:3.7075 train_time:256681ms step_avg:1604.25ms
step:170/1000 train_loss:3.5044 train_time:281707ms step_avg:1657.10ms
step:180/1000 train_loss:3.4638 train_time:320025ms step_avg:1777.92ms
step:190/1000 train_loss:3.5418 train_time:421409ms step_avg:2217.94ms
step:200/1000 train_loss:3.7245 train_time:464602ms step_avg:2323.01ms
step:210/1000 train_loss:3.6733 train_time:497516ms step_avg:2369.12ms
step:220/1000 train_loss:3.4635 train_time:525523ms step_avg:2388.74ms
step:230/1000 train_loss:3.6019 train_time:550694ms step_avg:2394.32ms
step:240/1000 train_loss:3.4605 train_time:574413ms step_avg:2393.39ms
step:250/1000 train_loss:3.6767 train_time:596386ms step_avg:2385.54ms
step:260/1000 train_loss:3.3151 train_time:617709ms step_avg:2375.80ms
step:270/1000 train_loss:3.4101 train_time:638598ms step_avg:2365.18ms
step:280/1000 train_loss:3.3445 train_time:658969ms step_avg:2353.46ms
step:290/1000 train_loss:3.5243 train_time:679135ms step_avg:2341.84ms
step:300/1000 train_loss:3.3209 train_time:697018ms step_avg:2323.39ms
step:310/1000 train_loss:3.2803 train_time:714640ms step_avg:2305.29ms
step:320/1000 train_loss:3.2879 train_time:732266ms step_avg:2288.33ms
step:330/1000 train_loss:3.4177 train_time:749855ms step_avg:2272.29ms
step:340/1000 train_loss:3.2783 train_time:767431ms step_avg:2257.15ms
step:350/1000 train_loss:3.4240 train_time:785071ms step_avg:2243.06ms
step:360/1000 train_loss:3.4034 train_time:802775ms step_avg:2229.93ms
step:370/1000 train_loss:3.2982 train_time:820502ms step_avg:2217.57ms
step:380/1000 train_loss:3.3769 train_time:838458ms step_avg:2206.47ms
step:390/1000 train_loss:3.3887 train_time:856273ms step_avg:2195.57ms
step:400/1000 train_loss:3.3910 train_time:874546ms step_avg:2186.36ms
step:410/1000 train_loss:3.4177 train_time:893097ms step_avg:2178.28ms
step:420/1000 train_loss:3.1985 train_time:912143ms step_avg:2171.77ms
step:430/1000 train_loss:3.2256 train_time:931924ms step_avg:2167.26ms
step:440/1000 train_loss:3.3421 train_time:952697ms step_avg:2165.22ms
step:450/1000 train_loss:3.2740 train_time:975375ms step_avg:2167.50ms
step:460/1000 train_loss:3.2353 train_time:997995ms step_avg:2169.55ms
step:470/1000 train_loss:3.3472 train_time:1019692ms step_avg:2169.56ms
step:480/1000 train_loss:3.2067 train_time:1040704ms step_avg:2168.13ms
step:490/1000 train_loss:3.2399 train_time:1061501ms step_avg:2166.33ms
step:500/1000 train_loss:3.1665 train_time:1081649ms step_avg:2163.30ms
step:510/1000 train_loss:3.2256 train_time:1101400ms step_avg:2159.61ms
step:520/1000 train_loss:3.1049 train_time:1121373ms step_avg:2156.49ms
step:530/1000 train_loss:3.1292 train_time:1141347ms step_avg:2153.48ms
step:540/1000 train_loss:3.1844 train_time:1160886ms step_avg:2149.79ms
step:550/1000 train_loss:3.2432 train_time:1181305ms step_avg:2147.83ms
step:560/1000 train_loss:3.0353 train_time:1202130ms step_avg:2146.66ms
step:570/1000 train_loss:3.0866 train_time:1223030ms step_avg:2145.67ms
step:580/1000 train_loss:3.0731 train_time:1244244ms step_avg:2145.25ms
step:590/1000 train_loss:3.0013 train_time:1264505ms step_avg:2143.23ms
step:600/1000 train_loss:3.0067 train_time:1283080ms step_avg:2138.47ms
step:610/1000 train_loss:3.1035 train_time:1303917ms step_avg:2137.57ms
step:620/1000 train_loss:2.9739 train_time:1324298ms step_avg:2135.96ms
step:630/1000 train_loss:2.8583 train_time:1344585ms step_avg:2134.26ms
step:640/1000 train_loss:2.9285 train_time:1364371ms step_avg:2131.83ms
step:650/1000 train_loss:2.9723 train_time:1382905ms step_avg:2127.55ms
step:660/1000 train_loss:3.4669 train_time:1401554ms step_avg:2123.57ms
step:670/1000 train_loss:2.8778 train_time:1420198ms step_avg:2119.70ms
step:680/1000 train_loss:2.9531 train_time:1438782ms step_avg:2115.86ms
step:690/1000 train_loss:2.9936 train_time:1457588ms step_avg:2112.45ms
step:700/1000 train_loss:2.9148 train_time:1476870ms step_avg:2109.81ms
step:710/1000 train_loss:2.8701 train_time:1498068ms step_avg:2109.95ms
step:720/1000 train_loss:2.9768 train_time:1518509ms step_avg:2109.04ms
step:730/1000 train_loss:3.0381 train_time:1537596ms step_avg:2106.30ms
step:740/1000 train_loss:2.9576 train_time:1556892ms step_avg:2103.91ms
step:750/1000 train_loss:2.7819 train_time:1576166ms step_avg:2101.56ms
step:760/1000 train_loss:2.9089 train_time:1595526ms step_avg:2099.38ms
step:770/1000 train_loss:2.8873 train_time:1615025ms step_avg:2097.44ms
step:780/1000 train_loss:2.9329 train_time:1634442ms step_avg:2095.44ms
step:790/1000 train_loss:2.8070 train_time:1653673ms step_avg:2093.26ms
step:800/1000 train_loss:2.8229 train_time:1672674ms step_avg:2090.84ms
step:810/1000 train_loss:2.8453 train_time:1691536ms step_avg:2088.32ms
step:820/1000 train_loss:2.8794 train_time:1710487ms step_avg:2085.96ms
step:830/1000 train_loss:2.9604 train_time:1730202ms step_avg:2084.58ms
step:840/1000 train_loss:2.8009 train_time:1750761ms step_avg:2084.24ms
step:850/1000 train_loss:2.8771 train_time:1774252ms step_avg:2087.36ms
step:860/1000 train_loss:2.7681 train_time:1797057ms step_avg:2089.60ms
step:870/1000 train_loss:2.8473 train_time:1818706ms step_avg:2090.47ms
step:880/1000 train_loss:2.8366 train_time:1838920ms step_avg:2089.68ms
step:890/1000 train_loss:2.7564 train_time:1857706ms step_avg:2087.31ms
step:900/1000 train_loss:2.5942 train_time:1877133ms step_avg:2085.70ms
step:910/1000 train_loss:2.7610 train_time:1896161ms step_avg:2083.69ms
step:920/1000 train_loss:2.8070 train_time:1914882ms step_avg:2081.39ms
step:930/1000 train_loss:2.8015 train_time:1933887ms step_avg:2079.45ms
step:940/1000 train_loss:2.6019 train_time:1953040ms step_avg:2077.70ms
step:950/1000 train_loss:2.8689 train_time:1972449ms step_avg:2076.26ms
step:960/1000 train_loss:2.6008 train_time:1991473ms step_avg:2074.45ms
step:970/1000 train_loss:2.7591 train_time:2010138ms step_avg:2072.31ms
step:980/1000 train_loss:2.7802 train_time:2029600ms step_avg:2071.02ms
step:990/1000 train_loss:2.7966 train_time:2048885ms step_avg:2069.58ms
step:1000/1000 train_loss:2.7331 train_time:2067757ms step_avg:2067.76ms
Training done. Total train_time: 2067757ms, steps: 1000
Running validation...
val_loss:2.7733 val_bpb:1.6425
Quantizing model to int8...
Artifact saved: experiments/gen-17/bigger-batch-32k/artifact.int8.ptz (8,162,008 bytes, 8.16 MB)
  int8_payload: 11,373,620 bytes, raw_pickle: 11,378,455 bytes, compressed: 8,162,008 bytes
Results written to experiments/gen-17/bigger-batch-32k/result.json
val_bpb: 1.642481776826457
