Config: {
  "num_layers": 12,
  "num_physical_layers": 6,
  "model_dim": 640,
  "num_kv_heads": 1,
  "mlp_mult": 2,
  "matrix_lr": 0.04,
  "tied_embed_lr": 0.05,
  "scalar_lr": 0.04,
  "muon_momentum": 0.95,
  "warmup_steps": 20,
  "warmdown_iters": 1200,
  "quant_bits": 7
}
Model params: 15913020
Skipping warmup (Mac memory constraints)
step:1/5000 train_loss:6.9513 train_time:494ms step_avg:493.57ms
step:2/5000 train_loss:20.1889 train_time:1038ms step_avg:518.82ms
step:3/5000 train_loss:15.1260 train_time:1581ms step_avg:527.16ms
step:4/5000 train_loss:9.7925 train_time:2126ms step_avg:531.48ms
step:5/5000 train_loss:7.7645 train_time:2664ms step_avg:532.76ms
step:6/5000 train_loss:7.1174 train_time:3204ms step_avg:533.99ms
step:7/5000 train_loss:6.9010 train_time:3743ms step_avg:534.69ms
step:8/5000 train_loss:6.7245 train_time:4284ms step_avg:535.48ms
step:9/5000 train_loss:6.5592 train_time:4826ms step_avg:536.23ms
step:10/5000 train_loss:6.3780 train_time:5366ms step_avg:536.63ms
step:20/5000 train_loss:5.7027 train_time:10798ms step_avg:539.90ms
step:30/5000 train_loss:5.1148 train_time:16154ms step_avg:538.46ms
step:40/5000 train_loss:4.9607 train_time:21557ms step_avg:538.93ms
step:50/5000 train_loss:4.8091 train_time:26989ms step_avg:539.79ms
step:60/5000 train_loss:4.7480 train_time:32461ms step_avg:541.01ms
step:70/5000 train_loss:4.5733 train_time:37856ms step_avg:540.80ms
step:80/5000 train_loss:4.4701 train_time:43314ms step_avg:541.42ms
step:90/5000 train_loss:4.4075 train_time:48757ms step_avg:541.75ms
step:100/5000 train_loss:4.4601 train_time:54140ms step_avg:541.40ms
step:110/5000 train_loss:4.3394 train_time:59600ms step_avg:541.81ms
step:120/5000 train_loss:4.1697 train_time:65174ms step_avg:543.11ms
step:130/5000 train_loss:4.2940 train_time:70791ms step_avg:544.55ms
step:140/5000 train_loss:4.0786 train_time:76400ms step_avg:545.72ms
step:150/5000 train_loss:4.3154 train_time:81949ms step_avg:546.32ms
step:160/5000 train_loss:4.0799 train_time:87504ms step_avg:546.90ms
step:170/5000 train_loss:4.1268 train_time:93075ms step_avg:547.50ms
step:180/5000 train_loss:4.1407 train_time:98633ms step_avg:547.96ms
step:190/5000 train_loss:3.9940 train_time:104165ms step_avg:548.24ms
step:200/5000 train_loss:4.0343 train_time:109656ms step_avg:548.28ms
step:210/5000 train_loss:3.9262 train_time:115155ms step_avg:548.36ms
step:220/5000 train_loss:4.0837 train_time:120616ms step_avg:548.25ms
step:230/5000 train_loss:4.0942 train_time:126103ms step_avg:548.27ms
step:240/5000 train_loss:3.8421 train_time:131567ms step_avg:548.20ms
step:250/5000 train_loss:3.9492 train_time:137019ms step_avg:548.07ms
step:260/5000 train_loss:3.9889 train_time:142468ms step_avg:547.95ms
step:270/5000 train_loss:3.8797 train_time:147992ms step_avg:548.12ms
step:280/5000 train_loss:3.8467 train_time:153550ms step_avg:548.39ms
step:290/5000 train_loss:4.0419 train_time:159170ms step_avg:548.86ms
step:300/5000 train_loss:3.9915 train_time:164808ms step_avg:549.36ms
step:310/5000 train_loss:3.8542 train_time:170612ms step_avg:550.36ms
step:320/5000 train_loss:3.8631 train_time:176559ms step_avg:551.75ms
step:330/5000 train_loss:3.8272 train_time:182611ms step_avg:553.37ms
step:340/5000 train_loss:3.9016 train_time:188693ms step_avg:554.98ms
step:350/5000 train_loss:4.0185 train_time:194973ms step_avg:557.06ms
step:360/5000 train_loss:4.1361 train_time:201376ms step_avg:559.38ms
step:370/5000 train_loss:3.8996 train_time:208185ms step_avg:562.66ms
step:380/5000 train_loss:3.7817 train_time:215154ms step_avg:566.19ms
step:390/5000 train_loss:3.7461 train_time:222367ms step_avg:570.17ms
step:400/5000 train_loss:3.8662 train_time:230167ms step_avg:575.42ms
step:410/5000 train_loss:3.9170 train_time:238389ms step_avg:581.44ms
step:420/5000 train_loss:3.7383 train_time:246942ms step_avg:587.96ms
step:430/5000 train_loss:3.6291 train_time:256104ms step_avg:595.59ms
step:440/5000 train_loss:3.8093 train_time:265955ms step_avg:604.44ms
step:450/5000 train_loss:3.9477 train_time:276818ms step_avg:615.15ms
step:460/5000 train_loss:3.6872 train_time:289687ms step_avg:629.75ms
step:470/5000 train_loss:3.5602 train_time:304526ms step_avg:647.93ms
step:480/5000 train_loss:3.8345 train_time:321980ms step_avg:670.79ms
step:490/5000 train_loss:3.8860 train_time:342714ms step_avg:699.42ms
step:500/5000 train_loss:3.7924 train_time:365749ms step_avg:731.50ms
step:510/5000 train_loss:3.7954 train_time:385081ms step_avg:755.06ms
step:520/5000 train_loss:3.7694 train_time:398706ms step_avg:766.74ms
step:530/5000 train_loss:3.3725 train_time:410316ms step_avg:774.18ms
step:540/5000 train_loss:3.7172 train_time:421009ms step_avg:779.65ms
step:550/5000 train_loss:3.8122 train_time:432670ms step_avg:786.67ms
step:560/5000 train_loss:3.6437 train_time:443374ms step_avg:791.74ms
step:570/5000 train_loss:3.7185 train_time:453381ms step_avg:795.41ms
step:580/5000 train_loss:3.6123 train_time:464076ms step_avg:800.13ms
step:590/5000 train_loss:3.7485 train_time:473753ms step_avg:802.97ms
step:600/5000 train_loss:3.6132 train_time:482871ms step_avg:804.78ms
step:610/5000 train_loss:3.5610 train_time:491386ms step_avg:805.55ms
step:620/5000 train_loss:3.6564 train_time:500009ms step_avg:806.47ms
step:630/5000 train_loss:4.0479 train_time:508585ms step_avg:807.28ms
step:640/5000 train_loss:3.7280 train_time:517304ms step_avg:808.29ms
step:650/5000 train_loss:3.7130 train_time:526716ms step_avg:810.33ms
step:660/5000 train_loss:3.6043 train_time:534605ms step_avg:810.01ms
step:670/5000 train_loss:3.8798 train_time:541883ms step_avg:808.78ms
step:680/5000 train_loss:3.4527 train_time:549036ms step_avg:807.41ms
step:690/5000 train_loss:3.6532 train_time:556089ms step_avg:805.93ms
step:700/5000 train_loss:3.5910 train_time:563090ms step_avg:804.41ms
step:710/5000 train_loss:3.6699 train_time:569964ms step_avg:802.77ms
step:720/5000 train_loss:3.5319 train_time:576792ms step_avg:801.10ms
step:730/5000 train_loss:3.6850 train_time:583647ms step_avg:799.52ms
step:740/5000 train_loss:3.5190 train_time:590517ms step_avg:798.00ms
step:750/5000 train_loss:3.6225 train_time:597458ms step_avg:796.61ms
step:760/5000 train_loss:3.7180 train_time:604176ms step_avg:794.97ms
step:770/5000 train_loss:3.6594 train_time:610874ms step_avg:793.34ms
step:780/5000 train_loss:3.6993 train_time:618159ms step_avg:792.51ms
step:790/5000 train_loss:3.6964 train_time:625453ms step_avg:791.71ms
step:800/5000 train_loss:4.0523 train_time:632334ms step_avg:790.42ms
step:810/5000 train_loss:3.5377 train_time:639109ms step_avg:789.02ms
step:820/5000 train_loss:3.5536 train_time:646255ms step_avg:788.12ms
step:830/5000 train_loss:3.6591 train_time:652879ms step_avg:786.60ms
step:840/5000 train_loss:3.5777 train_time:659453ms step_avg:785.06ms
step:850/5000 train_loss:3.7591 train_time:666571ms step_avg:784.20ms
step:860/5000 train_loss:3.9239 train_time:673390ms step_avg:783.01ms
step:870/5000 train_loss:3.4840 train_time:680039ms step_avg:781.65ms
step:880/5000 train_loss:3.6506 train_time:686631ms step_avg:780.26ms
step:890/5000 train_loss:3.6236 train_time:693293ms step_avg:778.98ms
step:900/5000 train_loss:3.6195 train_time:700062ms step_avg:777.85ms
step:910/5000 train_loss:3.6899 train_time:706676ms step_avg:776.57ms
step:920/5000 train_loss:3.6805 train_time:713213ms step_avg:775.23ms
step:930/5000 train_loss:3.8153 train_time:719799ms step_avg:773.98ms
step:940/5000 train_loss:3.5204 train_time:726349ms step_avg:772.71ms
step:950/5000 train_loss:3.5083 train_time:732884ms step_avg:771.46ms
step:960/5000 train_loss:3.5264 train_time:739501ms step_avg:770.31ms
step:970/5000 train_loss:3.7126 train_time:746076ms step_avg:769.15ms
step:980/5000 train_loss:3.6135 train_time:752734ms step_avg:768.10ms
step:990/5000 train_loss:3.3527 train_time:759515ms step_avg:767.19ms
step:1000/5000 train_loss:3.4876 train_time:766442ms step_avg:766.44ms
step:1010/5000 train_loss:3.4811 train_time:773302ms step_avg:765.65ms
step:1020/5000 train_loss:3.3881 train_time:779980ms step_avg:764.69ms
step:1030/5000 train_loss:3.3990 train_time:786623ms step_avg:763.71ms
step:1040/5000 train_loss:3.5487 train_time:793281ms step_avg:762.77ms
step:1050/5000 train_loss:3.4533 train_time:800025ms step_avg:761.93ms
step:1060/5000 train_loss:3.5250 train_time:806784ms step_avg:761.12ms
step:1070/5000 train_loss:3.5569 train_time:813505ms step_avg:760.28ms
step:1080/5000 train_loss:3.4703 train_time:820280ms step_avg:759.52ms
step:1090/5000 train_loss:4.3090 train_time:827106ms step_avg:758.81ms
step:1100/5000 train_loss:3.7223 train_time:834006ms step_avg:758.19ms
step:1110/5000 train_loss:3.4750 train_time:840970ms step_avg:757.63ms
step:1120/5000 train_loss:3.3757 train_time:848226ms step_avg:757.35ms
step:1130/5000 train_loss:3.4115 train_time:855602ms step_avg:757.17ms
step:1140/5000 train_loss:3.9475 train_time:863347ms step_avg:757.32ms
step:1150/5000 train_loss:3.6660 train_time:870887ms step_avg:757.29ms
step:1160/5000 train_loss:3.6616 train_time:878235ms step_avg:757.10ms
step:1170/5000 train_loss:3.5296 train_time:885721ms step_avg:757.03ms
step:1180/5000 train_loss:3.4214 train_time:894024ms step_avg:757.65ms
step:1190/5000 train_loss:3.5901 train_time:901868ms step_avg:757.87ms
step:1200/5000 train_loss:3.4918 train_time:909887ms step_avg:758.24ms
step:1210/5000 train_loss:3.4689 train_time:917742ms step_avg:758.46ms
step:1220/5000 train_loss:3.3938 train_time:925579ms step_avg:758.67ms
step:1230/5000 train_loss:3.1346 train_time:933479ms step_avg:758.93ms
step:1240/5000 train_loss:3.5319 train_time:941458ms step_avg:759.24ms
step:1250/5000 train_loss:3.5725 train_time:949437ms step_avg:759.55ms
step:1260/5000 train_loss:3.2851 train_time:957346ms step_avg:759.80ms
step:1270/5000 train_loss:3.5044 train_time:965230ms step_avg:760.02ms
step:1280/5000 train_loss:3.0417 train_time:973085ms step_avg:760.22ms
step:1290/5000 train_loss:3.6018 train_time:980907ms step_avg:760.39ms
step:1300/5000 train_loss:3.4342 train_time:989215ms step_avg:760.93ms
step:1310/5000 train_loss:3.5268 train_time:997176ms step_avg:761.20ms
step:1320/5000 train_loss:3.5071 train_time:1005454ms step_avg:761.71ms
step:1330/5000 train_loss:3.3874 train_time:1013502ms step_avg:762.03ms
step:1340/5000 train_loss:3.6405 train_time:1021408ms step_avg:762.24ms
step:1350/5000 train_loss:3.4100 train_time:1029440ms step_avg:762.55ms
step:1360/5000 train_loss:3.4933 train_time:1037260ms step_avg:762.69ms
step:1370/5000 train_loss:3.3786 train_time:1045239ms step_avg:762.95ms
step:1380/5000 train_loss:3.4884 train_time:1052986ms step_avg:763.03ms
step:1390/5000 train_loss:3.4456 train_time:1060668ms step_avg:763.07ms
step:1400/5000 train_loss:3.5885 train_time:1068247ms step_avg:763.03ms
step:1410/5000 train_loss:3.3789 train_time:1075835ms step_avg:763.00ms
step:1420/5000 train_loss:3.3747 train_time:1083468ms step_avg:763.01ms
step:1430/5000 train_loss:3.3665 train_time:1091100ms step_avg:763.01ms
step:1440/5000 train_loss:3.7068 train_time:1099195ms step_avg:763.33ms
step:1450/5000 train_loss:3.5895 train_time:1107138ms step_avg:763.54ms
step:1460/5000 train_loss:3.4182 train_time:1115211ms step_avg:763.84ms
step:1470/5000 train_loss:3.7326 train_time:1123123ms step_avg:764.03ms
step:1480/5000 train_loss:3.2598 train_time:1130872ms step_avg:764.10ms
step:1490/5000 train_loss:3.8706 train_time:1138752ms step_avg:764.26ms
step:1500/5000 train_loss:3.6656 train_time:1146437ms step_avg:764.29ms
step:1510/5000 train_loss:3.4675 train_time:1154043ms step_avg:764.27ms
step:1520/5000 train_loss:3.4221 train_time:1161537ms step_avg:764.17ms
step:1530/5000 train_loss:3.4071 train_time:1168984ms step_avg:764.04ms
step:1540/5000 train_loss:3.4120 train_time:1176469ms step_avg:763.94ms
step:1550/5000 train_loss:3.3507 train_time:1183860ms step_avg:763.78ms
step:1560/5000 train_loss:3.4115 train_time:1191289ms step_avg:763.65ms
step:1570/5000 train_loss:3.3032 train_time:1198706ms step_avg:763.51ms
step:1580/5000 train_loss:3.3029 train_time:1206176ms step_avg:763.40ms
step:1590/5000 train_loss:3.4747 train_time:1213646ms step_avg:763.30ms
step:1600/5000 train_loss:3.3741 train_time:1221061ms step_avg:763.16ms
step:1610/5000 train_loss:3.3320 train_time:1228623ms step_avg:763.12ms
step:1620/5000 train_loss:3.4067 train_time:1236010ms step_avg:762.97ms
step:1630/5000 train_loss:3.4786 train_time:1243378ms step_avg:762.81ms
step:1640/5000 train_loss:3.1738 train_time:1250861ms step_avg:762.72ms
step:1650/5000 train_loss:3.3052 train_time:1258304ms step_avg:762.61ms
step:1660/5000 train_loss:3.6955 train_time:1265828ms step_avg:762.55ms
step:1670/5000 train_loss:3.2867 train_time:1273528ms step_avg:762.59ms
step:1680/5000 train_loss:3.1455 train_time:1280843ms step_avg:762.41ms
step:1690/5000 train_loss:3.4208 train_time:1288157ms step_avg:762.22ms
step:1700/5000 train_loss:3.3105 train_time:1295531ms step_avg:762.08ms
step:1710/5000 train_loss:3.4490 train_time:1302880ms step_avg:761.92ms
step:1720/5000 train_loss:3.3096 train_time:1310259ms step_avg:761.78ms
step:1730/5000 train_loss:3.2471 train_time:1317682ms step_avg:761.67ms
step:1740/5000 train_loss:3.3262 train_time:1325116ms step_avg:761.56ms
step:1750/5000 train_loss:3.3680 train_time:1332586ms step_avg:761.48ms
step:1760/5000 train_loss:3.4341 train_time:1340081ms step_avg:761.41ms
step:1770/5000 train_loss:3.4430 train_time:1347568ms step_avg:761.34ms
step:1780/5000 train_loss:3.3482 train_time:1355015ms step_avg:761.24ms
step:1790/5000 train_loss:3.4848 train_time:1362483ms step_avg:761.16ms
step:1800/5000 train_loss:3.2784 train_time:1369930ms step_avg:761.07ms
step:1810/5000 train_loss:3.4294 train_time:1377386ms step_avg:760.99ms
step:1820/5000 train_loss:3.5912 train_time:1384773ms step_avg:760.86ms
step:1830/5000 train_loss:3.4086 train_time:1392132ms step_avg:760.73ms
step:1840/5000 train_loss:3.2024 train_time:1399529ms step_avg:760.61ms
step:1850/5000 train_loss:3.4097 train_time:1406877ms step_avg:760.47ms
step:1860/5000 train_loss:3.4330 train_time:1414197ms step_avg:760.32ms
step:1870/5000 train_loss:3.5121 train_time:1421570ms step_avg:760.20ms
step:1880/5000 train_loss:3.4278 train_time:1428868ms step_avg:760.04ms
step:1890/5000 train_loss:3.4275 train_time:1436180ms step_avg:759.88ms
step:1900/5000 train_loss:3.3566 train_time:1443512ms step_avg:759.74ms
step:1910/5000 train_loss:3.3693 train_time:1450797ms step_avg:759.58ms
step:1920/5000 train_loss:3.3033 train_time:1458113ms step_avg:759.43ms
step:1930/5000 train_loss:3.2723 train_time:1465438ms step_avg:759.29ms
step:1940/5000 train_loss:3.3535 train_time:1472743ms step_avg:759.15ms
step:1950/5000 train_loss:3.1516 train_time:1480202ms step_avg:759.08ms
step:1960/5000 train_loss:3.2984 train_time:1487486ms step_avg:758.92ms
step:1970/5000 train_loss:3.6402 train_time:1494823ms step_avg:758.79ms
step:1980/5000 train_loss:3.7858 train_time:1502120ms step_avg:758.65ms
step:1990/5000 train_loss:3.4634 train_time:1509399ms step_avg:758.49ms
step:2000/5000 train_loss:3.3318 train_time:1516756ms step_avg:758.38ms
step:2010/5000 train_loss:3.4004 train_time:1524031ms step_avg:758.22ms
step:2020/5000 train_loss:3.2426 train_time:1531362ms step_avg:758.10ms
step:2030/5000 train_loss:3.2572 train_time:1538655ms step_avg:757.96ms
step:2040/5000 train_loss:3.4577 train_time:1545938ms step_avg:757.81ms
step:2050/5000 train_loss:3.1360 train_time:1553264ms step_avg:757.69ms
step:2060/5000 train_loss:3.3100 train_time:1560576ms step_avg:757.56ms
step:2070/5000 train_loss:3.4456 train_time:1567837ms step_avg:757.41ms
step:2080/5000 train_loss:3.4244 train_time:1575137ms step_avg:757.28ms
step:2090/5000 train_loss:3.2916 train_time:1582383ms step_avg:757.12ms
step:2100/5000 train_loss:3.4879 train_time:1589645ms step_avg:756.97ms
step:2110/5000 train_loss:3.1577 train_time:1596917ms step_avg:756.83ms
step:2120/5000 train_loss:3.3723 train_time:1604212ms step_avg:756.70ms
step:2130/5000 train_loss:3.2656 train_time:1611512ms step_avg:756.58ms
step:2140/5000 train_loss:3.4266 train_time:1618859ms step_avg:756.48ms
step:2150/5000 train_loss:3.5850 train_time:1626201ms step_avg:756.37ms
step:2160/5000 train_loss:3.3260 train_time:1633521ms step_avg:756.26ms
step:2170/5000 train_loss:3.0045 train_time:1640855ms step_avg:756.15ms
step:2180/5000 train_loss:3.2443 train_time:1648193ms step_avg:756.05ms
step:2190/5000 train_loss:3.2676 train_time:1655504ms step_avg:755.94ms
step:2200/5000 train_loss:3.2974 train_time:1662843ms step_avg:755.84ms
step:2210/5000 train_loss:3.2171 train_time:1670162ms step_avg:755.73ms
step:2220/5000 train_loss:3.2866 train_time:1677482ms step_avg:755.62ms
step:2230/5000 train_loss:3.2207 train_time:1684765ms step_avg:755.50ms
step:2240/5000 train_loss:3.3009 train_time:1692036ms step_avg:755.37ms
step:2250/5000 train_loss:3.2677 train_time:1699358ms step_avg:755.27ms
step:2260/5000 train_loss:3.0406 train_time:1706606ms step_avg:755.14ms
step:2270/5000 train_loss:3.1526 train_time:1713878ms step_avg:755.01ms
step:2280/5000 train_loss:3.5814 train_time:1721187ms step_avg:754.91ms
step:2290/5000 train_loss:3.3070 train_time:1728490ms step_avg:754.80ms
step:2300/5000 train_loss:3.3689 train_time:1735780ms step_avg:754.69ms
step:2310/5000 train_loss:3.1351 train_time:1743122ms step_avg:754.60ms
step:2320/5000 train_loss:3.2692 train_time:1750395ms step_avg:754.48ms
step:2330/5000 train_loss:3.0694 train_time:1757686ms step_avg:754.37ms
step:2340/5000 train_loss:2.9972 train_time:1764986ms step_avg:754.27ms
step:2350/5000 train_loss:3.3779 train_time:1772262ms step_avg:754.15ms
step:2360/5000 train_loss:3.1545 train_time:1779525ms step_avg:754.04ms
step:2370/5000 train_loss:3.2137 train_time:1786882ms step_avg:753.96ms
step:2380/5000 train_loss:3.2511 train_time:1794262ms step_avg:753.89ms
step:2390/5000 train_loss:3.4244 train_time:1801617ms step_avg:753.81ms
step:2400/5000 train_loss:3.3421 train_time:1809190ms step_avg:753.83ms
step:2410/5000 train_loss:3.3366 train_time:1816611ms step_avg:753.78ms
step:2420/5000 train_loss:3.1866 train_time:1824001ms step_avg:753.72ms
step:2430/5000 train_loss:3.1098 train_time:1831444ms step_avg:753.68ms
step:2440/5000 train_loss:3.2085 train_time:1838806ms step_avg:753.61ms
step:2450/5000 train_loss:3.3686 train_time:1846177ms step_avg:753.54ms
step:2460/5000 train_loss:3.1372 train_time:1853513ms step_avg:753.46ms
step:2470/5000 train_loss:3.4049 train_time:1860841ms step_avg:753.38ms
step:2480/5000 train_loss:3.2781 train_time:1868161ms step_avg:753.29ms
step:2490/5000 train_loss:3.2163 train_time:1875488ms step_avg:753.21ms
step:2500/5000 train_loss:3.2481 train_time:1882799ms step_avg:753.12ms
step:2510/5000 train_loss:3.2105 train_time:1890211ms step_avg:753.07ms
step:2520/5000 train_loss:3.2469 train_time:1897733ms step_avg:753.07ms
step:2530/5000 train_loss:3.3021 train_time:1905038ms step_avg:752.98ms
step:2540/5000 train_loss:3.5126 train_time:1912341ms step_avg:752.89ms
step:2550/5000 train_loss:3.0403 train_time:1919622ms step_avg:752.79ms
step:2560/5000 train_loss:3.2877 train_time:1926905ms step_avg:752.70ms
step:2570/5000 train_loss:3.0304 train_time:1934198ms step_avg:752.61ms
step:2580/5000 train_loss:3.1902 train_time:1942362ms step_avg:752.85ms
step:2590/5000 train_loss:3.4192 train_time:1949622ms step_avg:752.75ms
step:2600/5000 train_loss:3.2231 train_time:1956884ms step_avg:752.65ms
step:2610/5000 train_loss:3.1747 train_time:1964183ms step_avg:752.56ms
step:2620/5000 train_loss:3.0205 train_time:1971436ms step_avg:752.46ms
step:2630/5000 train_loss:3.2395 train_time:1978692ms step_avg:752.35ms
step:2640/5000 train_loss:4.1779 train_time:1985944ms step_avg:752.25ms
step:2650/5000 train_loss:3.3531 train_time:1993245ms step_avg:752.17ms
step:2660/5000 train_loss:3.3956 train_time:2000538ms step_avg:752.08ms
step:2670/5000 train_loss:3.3428 train_time:2007787ms step_avg:751.98ms
step:2680/5000 train_loss:3.0896 train_time:2015065ms step_avg:751.89ms
step:2690/5000 train_loss:3.6043 train_time:2022356ms step_avg:751.81ms
step:2700/5000 train_loss:3.2571 train_time:2029656ms step_avg:751.72ms
step:2710/5000 train_loss:3.2085 train_time:2036914ms step_avg:751.63ms
step:2720/5000 train_loss:3.1562 train_time:2044207ms step_avg:751.55ms
step:2730/5000 train_loss:3.2707 train_time:2051513ms step_avg:751.47ms
step:2740/5000 train_loss:3.1953 train_time:2058809ms step_avg:751.39ms
step:2750/5000 train_loss:3.1648 train_time:2066135ms step_avg:751.32ms
step:2760/5000 train_loss:3.2967 train_time:2073461ms step_avg:751.25ms
step:2770/5000 train_loss:3.4433 train_time:2080800ms step_avg:751.19ms
step:2780/5000 train_loss:3.0530 train_time:2088143ms step_avg:751.13ms
step:2790/5000 train_loss:3.2998 train_time:2095522ms step_avg:751.08ms
step:2800/5000 train_loss:3.2345 train_time:2102844ms step_avg:751.02ms
step:2810/5000 train_loss:3.2574 train_time:2110228ms step_avg:750.97ms
step:2820/5000 train_loss:3.3374 train_time:2117597ms step_avg:750.92ms
step:2830/5000 train_loss:3.1239 train_time:2124944ms step_avg:750.86ms
step:2840/5000 train_loss:3.1816 train_time:2132346ms step_avg:750.83ms
step:2850/5000 train_loss:3.1563 train_time:2139741ms step_avg:750.79ms
step:2860/5000 train_loss:3.2234 train_time:2147173ms step_avg:750.76ms
step:2870/5000 train_loss:3.2517 train_time:2154604ms step_avg:750.73ms
step:2880/5000 train_loss:3.2065 train_time:2162055ms step_avg:750.71ms
step:2890/5000 train_loss:3.1949 train_time:2169491ms step_avg:750.69ms
step:2900/5000 train_loss:3.1275 train_time:2176936ms step_avg:750.67ms
step:2910/5000 train_loss:3.8971 train_time:2184414ms step_avg:750.66ms
step:2920/5000 train_loss:3.1713 train_time:2191802ms step_avg:750.62ms
step:2930/5000 train_loss:3.1092 train_time:2199233ms step_avg:750.59ms
step:2940/5000 train_loss:3.1339 train_time:2206673ms step_avg:750.57ms
step:2950/5000 train_loss:3.1471 train_time:2214607ms step_avg:750.71ms
step:2960/5000 train_loss:3.3451 train_time:2222442ms step_avg:750.83ms
step:2970/5000 train_loss:3.3308 train_time:2230445ms step_avg:750.99ms
step:2980/5000 train_loss:3.1124 train_time:2238805ms step_avg:751.28ms
step:2990/5000 train_loss:3.1842 train_time:2247936ms step_avg:751.82ms
step:3000/5000 train_loss:3.3000 train_time:2255909ms step_avg:751.97ms
step:3010/5000 train_loss:3.2315 train_time:2263495ms step_avg:751.99ms
step:3020/5000 train_loss:3.3200 train_time:2271017ms step_avg:751.99ms
step:3030/5000 train_loss:3.2058 train_time:2278449ms step_avg:751.96ms
step:3040/5000 train_loss:3.2548 train_time:2285954ms step_avg:751.96ms
step:3050/5000 train_loss:3.1363 train_time:2293415ms step_avg:751.94ms
step:3060/5000 train_loss:3.0765 train_time:2300941ms step_avg:751.94ms
step:3070/5000 train_loss:3.0726 train_time:2308483ms step_avg:751.95ms
step:3080/5000 train_loss:3.2873 train_time:2315929ms step_avg:751.93ms
step:3090/5000 train_loss:3.2566 train_time:2323354ms step_avg:751.89ms
step:3100/5000 train_loss:3.2803 train_time:2330757ms step_avg:751.86ms
step:3110/5000 train_loss:3.2317 train_time:2338196ms step_avg:751.83ms
step:3120/5000 train_loss:3.3030 train_time:2345534ms step_avg:751.77ms
step:3130/5000 train_loss:3.3172 train_time:2352948ms step_avg:751.74ms
step:3140/5000 train_loss:3.7683 train_time:2360343ms step_avg:751.70ms
step:3150/5000 train_loss:3.2843 train_time:2367733ms step_avg:751.66ms
step:3160/5000 train_loss:3.1722 train_time:2375170ms step_avg:751.64ms
step:3170/5000 train_loss:3.2687 train_time:2382534ms step_avg:751.59ms
step:3180/5000 train_loss:3.0753 train_time:2389923ms step_avg:751.55ms
step:3190/5000 train_loss:3.1270 train_time:2397306ms step_avg:751.51ms
step:3200/5000 train_loss:3.5640 train_time:2404648ms step_avg:751.45ms
step:3210/5000 train_loss:3.2147 train_time:2412052ms step_avg:751.42ms
step:3220/5000 train_loss:3.3074 train_time:2419451ms step_avg:751.38ms
step:3230/5000 train_loss:3.1114 train_time:2426831ms step_avg:751.34ms
step:3240/5000 train_loss:3.1455 train_time:2434206ms step_avg:751.30ms
step:3250/5000 train_loss:3.2397 train_time:2441564ms step_avg:751.25ms
step:3260/5000 train_loss:3.2867 train_time:2449054ms step_avg:751.24ms
step:3270/5000 train_loss:3.4381 train_time:2456433ms step_avg:751.20ms
step:3280/5000 train_loss:3.2612 train_time:2463812ms step_avg:751.16ms
step:3290/5000 train_loss:3.1812 train_time:2471189ms step_avg:751.12ms
step:3300/5000 train_loss:3.2224 train_time:2478598ms step_avg:751.09ms
step:3310/5000 train_loss:2.9865 train_time:2486044ms step_avg:751.07ms
step:3320/5000 train_loss:3.2071 train_time:2494331ms step_avg:751.30ms
step:3330/5000 train_loss:3.1986 train_time:2503185ms step_avg:751.71ms
step:3340/5000 train_loss:3.2438 train_time:2511589ms step_avg:751.97ms
step:3350/5000 train_loss:3.0334 train_time:2520654ms step_avg:752.43ms
step:3360/5000 train_loss:3.2388 train_time:2529534ms step_avg:752.84ms
step:3370/5000 train_loss:3.2133 train_time:2537639ms step_avg:753.01ms
step:3380/5000 train_loss:3.2996 train_time:2547121ms step_avg:753.59ms
step:3390/5000 train_loss:3.1310 train_time:2556050ms step_avg:754.00ms
step:3400/5000 train_loss:3.3185 train_time:2564950ms step_avg:754.40ms
step:3410/5000 train_loss:3.1887 train_time:2572809ms step_avg:754.49ms
step:3420/5000 train_loss:3.1889 train_time:2581191ms step_avg:754.73ms
step:3430/5000 train_loss:3.5110 train_time:2589287ms step_avg:754.89ms
step:3440/5000 train_loss:3.1954 train_time:2597124ms step_avg:754.98ms
step:3450/5000 train_loss:3.2157 train_time:2604953ms step_avg:755.06ms
step:3460/5000 train_loss:3.7724 train_time:2614351ms step_avg:755.59ms
step:3470/5000 train_loss:3.3629 train_time:2622440ms step_avg:755.75ms
step:3480/5000 train_loss:3.2033 train_time:2630102ms step_avg:755.78ms
step:3490/5000 train_loss:3.2668 train_time:2638227ms step_avg:755.94ms
step:3500/5000 train_loss:3.0559 train_time:2646921ms step_avg:756.26ms
step:3510/5000 train_loss:3.2373 train_time:2655381ms step_avg:756.52ms
step:3520/5000 train_loss:3.1677 train_time:2663754ms step_avg:756.75ms
step:3530/5000 train_loss:3.1499 train_time:2672257ms step_avg:757.01ms
step:3540/5000 train_loss:3.0433 train_time:2679879ms step_avg:757.03ms
step:3550/5000 train_loss:3.0880 train_time:2687428ms step_avg:757.02ms
step:3560/5000 train_loss:3.0463 train_time:2695612ms step_avg:757.19ms
step:3570/5000 train_loss:3.2149 train_time:2703133ms step_avg:757.18ms
step:3580/5000 train_loss:3.1905 train_time:2710603ms step_avg:757.15ms
step:3590/5000 train_loss:2.9951 train_time:2718077ms step_avg:757.12ms
step:3600/5000 train_loss:2.8826 train_time:2725665ms step_avg:757.13ms
step:3610/5000 train_loss:3.1791 train_time:2734328ms step_avg:757.43ms
step:3620/5000 train_loss:3.1313 train_time:2743303ms step_avg:757.82ms
step:3630/5000 train_loss:2.9684 train_time:2751737ms step_avg:758.05ms
step:3640/5000 train_loss:3.0925 train_time:2760372ms step_avg:758.34ms
step:3650/5000 train_loss:3.2057 train_time:2768345ms step_avg:758.45ms
step:3660/5000 train_loss:3.0089 train_time:2776453ms step_avg:758.59ms
step:3670/5000 train_loss:3.1896 train_time:2784643ms step_avg:758.76ms
step:3680/5000 train_loss:3.1617 train_time:2792540ms step_avg:758.84ms
step:3690/5000 train_loss:3.1491 train_time:2800033ms step_avg:758.82ms
step:3700/5000 train_loss:3.2217 train_time:2807516ms step_avg:758.79ms
step:3710/5000 train_loss:2.9774 train_time:2814845ms step_avg:758.72ms
step:3720/5000 train_loss:3.1862 train_time:2822206ms step_avg:758.66ms
step:3730/5000 train_loss:3.1719 train_time:2829590ms step_avg:758.60ms
step:3740/5000 train_loss:3.1768 train_time:2837136ms step_avg:758.59ms
step:3750/5000 train_loss:3.5587 train_time:2844578ms step_avg:758.55ms
step:3760/5000 train_loss:2.7475 train_time:2853056ms step_avg:758.79ms
step:3770/5000 train_loss:2.9851 train_time:2860819ms step_avg:758.84ms
step:3780/5000 train_loss:3.2980 train_time:2869004ms step_avg:759.00ms
step:3790/5000 train_loss:2.9745 train_time:2876906ms step_avg:759.08ms
step:3800/5000 train_loss:3.2104 train_time:2884622ms step_avg:759.11ms
step:3810/5000 train_loss:3.0344 train_time:2893005ms step_avg:759.32ms
step:3820/5000 train_loss:3.5178 train_time:2900654ms step_avg:759.33ms
step:3830/5000 train_loss:3.0146 train_time:2908174ms step_avg:759.31ms
step:3840/5000 train_loss:3.0293 train_time:2915546ms step_avg:759.26ms
step:3850/5000 train_loss:3.2870 train_time:2923577ms step_avg:759.37ms
step:3860/5000 train_loss:3.1890 train_time:2931658ms step_avg:759.50ms
step:3870/5000 train_loss:3.1697 train_time:2939859ms step_avg:759.65ms
step:3880/5000 train_loss:2.9922 train_time:2948214ms step_avg:759.85ms
step:3890/5000 train_loss:3.1137 train_time:2956019ms step_avg:759.90ms
step:3900/5000 train_loss:3.2359 train_time:2963801ms step_avg:759.95ms
step:3910/5000 train_loss:2.9857 train_time:2971522ms step_avg:759.98ms
step:3920/5000 train_loss:3.4567 train_time:2978895ms step_avg:759.92ms
step:3930/5000 train_loss:3.4983 train_time:2986240ms step_avg:759.86ms
step:3940/5000 train_loss:2.9165 train_time:2993923ms step_avg:759.88ms
step:3950/5000 train_loss:3.1168 train_time:3001314ms step_avg:759.83ms
step:3960/5000 train_loss:2.9973 train_time:3008814ms step_avg:759.80ms
step:3970/5000 train_loss:3.1648 train_time:3016341ms step_avg:759.78ms
step:3980/5000 train_loss:3.2625 train_time:3024121ms step_avg:759.83ms
step:3990/5000 train_loss:2.9629 train_time:3031913ms step_avg:759.88ms
step:4000/5000 train_loss:2.9491 train_time:3039455ms step_avg:759.86ms
step:4010/5000 train_loss:3.2660 train_time:3047274ms step_avg:759.92ms
step:4020/5000 train_loss:3.0095 train_time:3055080ms step_avg:759.97ms
step:4030/5000 train_loss:3.1716 train_time:3062652ms step_avg:759.96ms
step:4040/5000 train_loss:3.1275 train_time:3070154ms step_avg:759.94ms
step:4050/5000 train_loss:3.0221 train_time:3077671ms step_avg:759.92ms
step:4060/5000 train_loss:2.9844 train_time:3085319ms step_avg:759.93ms
step:4070/5000 train_loss:3.4082 train_time:3093041ms step_avg:759.96ms
step:4080/5000 train_loss:3.0312 train_time:3100685ms step_avg:759.97ms
step:4090/5000 train_loss:3.0293 train_time:3108251ms step_avg:759.96ms
step:4100/5000 train_loss:3.0718 train_time:3115664ms step_avg:759.92ms
step:4110/5000 train_loss:2.9239 train_time:3123347ms step_avg:759.94ms
step:4120/5000 train_loss:2.7777 train_time:3131226ms step_avg:760.01ms
step:4130/5000 train_loss:3.0466 train_time:3138864ms step_avg:760.02ms
step:4140/5000 train_loss:3.0333 train_time:3146599ms step_avg:760.05ms
step:4150/5000 train_loss:2.7459 train_time:3154353ms step_avg:760.09ms
step:4160/5000 train_loss:2.7628 train_time:3162052ms step_avg:760.11ms
step:4170/5000 train_loss:2.9314 train_time:3169573ms step_avg:760.09ms
step:4180/5000 train_loss:2.8479 train_time:3177156ms step_avg:760.09ms
step:4190/5000 train_loss:2.9337 train_time:3184884ms step_avg:760.12ms
step:4200/5000 train_loss:2.9416 train_time:3192619ms step_avg:760.15ms
step:4210/5000 train_loss:2.8975 train_time:3200121ms step_avg:760.12ms
step:4220/5000 train_loss:2.8921 train_time:3207580ms step_avg:760.09ms
step:4230/5000 train_loss:2.8980 train_time:3215104ms step_avg:760.07ms
step:4240/5000 train_loss:2.9294 train_time:3222678ms step_avg:760.07ms
step:4250/5000 train_loss:3.0427 train_time:3230289ms step_avg:760.07ms
step:4260/5000 train_loss:2.8067 train_time:3237744ms step_avg:760.03ms
step:4270/5000 train_loss:2.8265 train_time:3245288ms step_avg:760.02ms
step:4280/5000 train_loss:3.0726 train_time:3252793ms step_avg:760.00ms
step:4290/5000 train_loss:2.9538 train_time:3260398ms step_avg:760.00ms
step:4300/5000 train_loss:2.9746 train_time:3267845ms step_avg:759.96ms
step:4310/5000 train_loss:3.2101 train_time:3275398ms step_avg:759.95ms
step:4320/5000 train_loss:2.9569 train_time:3282895ms step_avg:759.93ms
step:4330/5000 train_loss:3.1019 train_time:3290412ms step_avg:759.91ms
step:4340/5000 train_loss:2.8842 train_time:3297922ms step_avg:759.89ms
step:4350/5000 train_loss:3.0103 train_time:3305416ms step_avg:759.87ms
step:4360/5000 train_loss:2.9103 train_time:3312944ms step_avg:759.85ms
step:4370/5000 train_loss:2.8634 train_time:3320576ms step_avg:759.86ms
step:4380/5000 train_loss:3.1488 train_time:3328573ms step_avg:759.95ms
step:4390/5000 train_loss:3.0429 train_time:3336053ms step_avg:759.92ms
step:4400/5000 train_loss:3.0221 train_time:3343548ms step_avg:759.90ms
step:4410/5000 train_loss:3.0422 train_time:3351530ms step_avg:759.98ms
step:4420/5000 train_loss:3.0424 train_time:3359215ms step_avg:760.00ms
step:4430/5000 train_loss:2.7515 train_time:3367110ms step_avg:760.07ms
step:4440/5000 train_loss:2.9866 train_time:3374694ms step_avg:760.07ms
step:4450/5000 train_loss:2.9069 train_time:3382251ms step_avg:760.06ms
step:4460/5000 train_loss:2.9289 train_time:3389866ms step_avg:760.06ms
step:4470/5000 train_loss:2.8354 train_time:3397790ms step_avg:760.13ms
step:4480/5000 train_loss:2.9714 train_time:3405704ms step_avg:760.20ms
step:4490/5000 train_loss:2.8923 train_time:3413444ms step_avg:760.23ms
step:4500/5000 train_loss:3.0678 train_time:3421332ms step_avg:760.30ms
step:4510/5000 train_loss:2.5280 train_time:3428995ms step_avg:760.31ms
step:4520/5000 train_loss:2.7887 train_time:3436577ms step_avg:760.30ms
step:4530/5000 train_loss:3.2191 train_time:3444320ms step_avg:760.34ms
step:4540/5000 train_loss:3.1027 train_time:3452392ms step_avg:760.44ms
step:4550/5000 train_loss:3.1304 train_time:3459947ms step_avg:760.43ms
step:4560/5000 train_loss:2.9820 train_time:3467551ms step_avg:760.43ms
step:4570/5000 train_loss:2.8880 train_time:3475083ms step_avg:760.41ms
step:4580/5000 train_loss:3.0878 train_time:3482652ms step_avg:760.40ms
step:4590/5000 train_loss:2.7171 train_time:3490099ms step_avg:760.37ms
step:4600/5000 train_loss:2.7298 train_time:3497521ms step_avg:760.33ms
step:4610/5000 train_loss:2.9194 train_time:3504982ms step_avg:760.30ms
step:4620/5000 train_loss:2.9632 train_time:3512505ms step_avg:760.28ms
step:4630/5000 train_loss:2.9443 train_time:3520012ms step_avg:760.26ms
step:4640/5000 train_loss:2.8107 train_time:3527423ms step_avg:760.22ms
step:4650/5000 train_loss:2.8517 train_time:3534841ms step_avg:760.18ms
step:4660/5000 train_loss:2.8308 train_time:3542306ms step_avg:760.15ms
step:4670/5000 train_loss:2.8133 train_time:3549739ms step_avg:760.12ms
step:4680/5000 train_loss:2.9015 train_time:3557290ms step_avg:760.10ms
step:4690/5000 train_loss:2.7635 train_time:3565169ms step_avg:760.16ms
step:4700/5000 train_loss:2.8636 train_time:3573182ms step_avg:760.25ms
step:4710/5000 train_loss:2.8269 train_time:3580622ms step_avg:760.22ms
step:4720/5000 train_loss:2.6680 train_time:3588095ms step_avg:760.19ms
step:4730/5000 train_loss:3.0008 train_time:3595582ms step_avg:760.17ms
step:4740/5000 train_loss:2.8803 train_time:3603079ms step_avg:760.14ms
step:4750/5000 train_loss:3.0477 train_time:3610473ms step_avg:760.10ms
step:4760/5000 train_loss:2.8451 train_time:3617848ms step_avg:760.05ms
step:4770/5000 train_loss:3.0350 train_time:3625196ms step_avg:760.00ms
step:4780/5000 train_loss:2.8889 train_time:3632595ms step_avg:759.96ms
step:4790/5000 train_loss:2.9152 train_time:3639947ms step_avg:759.91ms
step:4800/5000 train_loss:2.6602 train_time:3647314ms step_avg:759.86ms
step:4810/5000 train_loss:2.8721 train_time:3654649ms step_avg:759.80ms
step:4820/5000 train_loss:2.8301 train_time:3661987ms step_avg:759.75ms
step:4830/5000 train_loss:3.0426 train_time:3669351ms step_avg:759.70ms
step:4840/5000 train_loss:2.9003 train_time:3676694ms step_avg:759.65ms
step:4850/5000 train_loss:2.7586 train_time:3684048ms step_avg:759.60ms
step:4860/5000 train_loss:2.9699 train_time:3691384ms step_avg:759.54ms
step:4870/5000 train_loss:2.7517 train_time:3698879ms step_avg:759.52ms
step:4880/5000 train_loss:2.9146 train_time:3706300ms step_avg:759.49ms
step:4890/5000 train_loss:2.6559 train_time:3713646ms step_avg:759.44ms
step:4900/5000 train_loss:2.9806 train_time:3721049ms step_avg:759.40ms
step:4910/5000 train_loss:2.8948 train_time:3728450ms step_avg:759.36ms
step:4920/5000 train_loss:2.9068 train_time:3735877ms step_avg:759.32ms
step:4930/5000 train_loss:2.7617 train_time:3743319ms step_avg:759.29ms
step:4940/5000 train_loss:2.9180 train_time:3750764ms step_avg:759.26ms
step:4950/5000 train_loss:2.8614 train_time:3758201ms step_avg:759.23ms
step:4960/5000 train_loss:2.9749 train_time:3765638ms step_avg:759.20ms
step:4970/5000 train_loss:2.9050 train_time:3773171ms step_avg:759.19ms
step:4980/5000 train_loss:2.9339 train_time:3780604ms step_avg:759.16ms
step:4990/5000 train_loss:2.6913 train_time:3788066ms step_avg:759.13ms
step:5000/5000 train_loss:3.1468 train_time:3795555ms step_avg:759.11ms
Training done. Total train_time: 3795555ms, steps: 5000
Running validation...
val_loss:2.8377 val_bpb:1.6807
Quantizing model to int8...
Artifact saved: experiments/gen-15/int7-wider-dim640/artifact.int8.ptz (12,174,067 bytes, 12.17 MB)
  int8_payload: 16,506,608 bytes, raw_pickle: 16,512,385 bytes, compressed: 12,174,067 bytes
Results written to experiments/gen-15/int7-wider-dim640/result.json
val_bpb: 1.6806621830851969
